<?xml version="1.0" encoding="UTF-8"?>
<testng-results skipped="0" failed="2" total="2" passed="0">
  <reporter-output>
  </reporter-output>
  <suite name="Custom suite" duration-ms="288800" started-at="2014-09-07T08:31:32Z" finished-at="2014-09-07T08:36:21Z">
    <groups>
    </groups>
    <test name="addressbook-selenium-tests" duration-ms="288800" started-at="2014-09-07T08:31:32Z" finished-at="2014-09-07T08:36:21Z">
      <class name="com.example.tests.ContactCreationTests">
        <test-method status="PASS" signature="setUp()[pri:0, instance:com.example.tests.ContactCreationTests@2280cdac]" name="setUp" is-config="true" duration-ms="4161" started-at="2014-09-07T11:31:32Z" finished-at="2014-09-07T11:31:36Z">
          <reporter-output>
          </reporter-output>
        </test-method> <!-- setUp -->
        <test-method status="FAIL" signature="testContactCreationWithValidData(com.example.tests.ContactData)[pri:0, instance:com.example.tests.ContactCreationTests@2280cdac]" name="testContactCreationWithValidData" duration-ms="247328" started-at="2014-09-07T11:31:37Z" data-provider="contactsFromFile" finished-at="2014-09-07T11:35:44Z">
          <params>
            <param index="0">
              <value>
                <![CDATA[ContactData{firstName='', lastName='test143757501', address='test2107331409', mobilePhone='test-159889063', email='', dateBirth='2', monthBirth='April', yearBirth='1453'}]]>
              </value>
            </param>
          </params>
          <exception class="java.lang.AssertionError">
            <message>
              <![CDATA[
Expected: <[ContactData{firstName='', lastName='', address='null', mobilePhone='test-836734843', email='test-585035083', dateBirth='null', monthBirth='null', yearBirth='null'}, ContactData{firstName='', lastName='', address='null', mobilePhone='test1045042430', email='', dateBirth='null', monthBirth='null', yearBirth='null'}, ContactData{firstName='', lastName='', address='null', mobilePhone='', email='test549481470', dateBirth='null', monthBirth='null', yearBirth='null'}, ContactData{firstName='', lastName='', address='null', mobilePhone='', email='test549481470', dateBirth='null', monthBirth='null', yearBirth='null'}, ContactData{firstName='', lastName='', address='null', mobilePhone='', email='test549481470', dateBirth='null', monthBirth='null', yearBirth='null'}, ContactData{firstName='', lastName='', address='null', mobilePhone='', email='test549481470', dateBirth='null', monthBirth='null', yearBirth='null'}, ContactData{firstName='', lastName='', address='null', mobilePhone='', email='test549481470', dateBirth='null', monthBirth='null', yearBirth='null'}, ContactData{firstName='', lastName='', address='null', mobilePhone='', email='test549481470', dateBirth='null', monthBirth='null', yearBirth='null'}, ContactData{firstName='test-1386885785', lastName='', address='null', mobilePhone='test1643335752', email='', dateBirth='null', monthBirth='null', yearBirth='null'}, ContactData{firstName='test-1386885785', lastName='', address='null', mobilePhone='test1643335752', email='', dateBirth='null', monthBirth='null', yearBirth='null'}, ContactData{firstName='test-1386885785', lastName='', address='null', mobilePhone='test1643335752', email='', dateBirth='null', monthBirth='null', yearBirth='null'}, ContactData{firstName='test-1386885785', lastName='', address='null', mobilePhone='test1643335752', email='', dateBirth='null', monthBirth='null', yearBirth='null'}, ContactData{firstName='test-1386885785', lastName='', address='null', mobilePhone='test1643335752', email='', dateBirth='null', monthBirth='null', yearBirth='null'}, ContactData{firstName='test-1551204706', lastName='', address='null', mobilePhone='test1073971578', email='', dateBirth='null', monthBirth='null', yearBirth='null'}, ContactData{firstName='test-1767641318', lastName='', address='null', mobilePhone='test935255826', email='', dateBirth='null', monthBirth='null', yearBirth='null'}, ContactData{firstName='test-1767641318', lastName='', address='null', mobilePhone='test935255826', email='', dateBirth='null', monthBirth='null', yearBirth='null'}, ContactData{firstName='test-1767641318', lastName='', address='null', mobilePhone='test935255826', email='', dateBirth='null', monthBirth='null', yearBirth='null'}, ContactData{firstName='test-1767641318', lastName='', address='null', mobilePhone='test935255826', email='', dateBirth='null', monthBirth='null', yearBirth='null'}, ContactData{firstName='test-1767641318', lastName='', address='null', mobilePhone='test935255826', email='', dateBirth='null', monthBirth='null', yearBirth='null'}, ContactData{firstName='test-1767641318', lastName='', address='null', mobilePhone='test935255826', email='', dateBirth='null', monthBirth='null', yearBirth='null'}, ContactData{firstName='test-2028308566', lastName='', address='null', mobilePhone='', email='test-447692937', dateBirth='null', monthBirth='null', yearBirth='null'}, ContactData{firstName='test1071625', lastName='', address='null', mobilePhone='test350565088', email='test-799210202', dateBirth='null', monthBirth='null', yearBirth='null'}, ContactData{firstName='test1848553755', lastName='', address='null', mobilePhone='', email='test-603747668', dateBirth='null', monthBirth='null', yearBirth='null'}, ContactData{firstName='test1848553755', lastName='', address='null', mobilePhone='', email='test-603747668', dateBirth='null', monthBirth='null', yearBirth='null'}, ContactData{firstName='test1848553755', lastName='', address='null', mobilePhone='', email='test-603747668', dateBirth='null', monthBirth='null', yearBirth='null'}, ContactData{firstName='test1848553755', lastName='', address='null', mobilePhone='', email='test-603747668', dateBirth='null', monthBirth='null', yearBirth='null'}, ContactData{firstName='test1848553755', lastName='', address='null', mobilePhone='', email='test-603747668', dateBirth='null', monthBirth='null', yearBirth='null'}, ContactData{firstName='Natalia', lastName='Maslova', address='null', mobilePhone='+380509997755', email='maslova.nd@gmail.com', dateBirth='null', monthBirth='null', yearBirth='null'}, ContactData{firstName='Natalia', lastName='Maslova', address='null', mobilePhone='+380509997755', email='maslova.nd@gmail.com', dateBirth='null', monthBirth='null', yearBirth='null'}, ContactData{firstName='Natalia', lastName='Maslova', address='null', mobilePhone='+380509997755', email='maslova.nd@gmail.com', dateBirth='null', monthBirth='null', yearBirth='null'}, ContactData{firstName='Natalia', lastName='Maslova', address='null', mobilePhone='+380509997755', email='maslova.nd@gmail.com', dateBirth='null', monthBirth='null', yearBirth='null'}, ContactData{firstName='Natalia', lastName='Maslova', address='null', mobilePhone='+380509997755', email='maslova.nd@gmail.com', dateBirth='null', monthBirth='null', yearBirth='null'}, ContactData{firstName='Natalia', lastName='Maslova', address='null', mobilePhone='+380509997755', email='maslova.nd@gmail.com', dateBirth='null', monthBirth='null', yearBirth='null'}, ContactData{firstName='Natalia', lastName='Maslova', address='null', mobilePhone='+380509997755', email='maslova.nd@gmail.com', dateBirth='null', monthBirth='null', yearBirth='null'}, ContactData{firstName='Natalia', lastName='Maslova', address='null', mobilePhone='+380509997755', email='maslova.nd@gmail.com', dateBirth='null', monthBirth='null', yearBirth='null'}, ContactData{firstName='Natalia', lastName='Maslova', address='null', mobilePhone='+380509997755', email='maslova.nd@gmail.com', dateBirth='null', monthBirth='null', yearBirth='null'}, ContactData{firstName='Natalia', lastName='Maslova', address='null', mobilePhone='+380509997755', email='maslova.nd@gmail.com', dateBirth='null', monthBirth='null', yearBirth='null'}, ContactData{firstName='Natalia', lastName='Maslova', address='null', mobilePhone='+380509997755', email='maslova.nd@gmail.com', dateBirth='null', monthBirth='null', yearBirth='null'}, ContactData{firstName='test454059419', lastName='test-1096294426', address='null', mobilePhone='test1012281554', email='test-2062372343', dateBirth='null', monthBirth='null', yearBirth='null'}, ContactData{firstName='test1708673099', lastName='test-1125328751', address='null', mobilePhone='test322438628', email='', dateBirth='null', monthBirth='null', yearBirth='null'}, ContactData{firstName='test1179622481', lastName='test-1791016192', address='null', mobilePhone='test-1178083587', email='test114564469', dateBirth='null', monthBirth='null', yearBirth='null'}, ContactData{firstName='', lastName='test-2075038837', address='null', mobilePhone='', email='test-1492728480', dateBirth='null', monthBirth='null', yearBirth='null'}, ContactData{firstName='test370196590', lastName='test-2087171033', address='null', mobilePhone='test1497145511', email='test-101151807', dateBirth='null', monthBirth='null', yearBirth='null'}, ContactData{firstName='test1362450907', lastName='test-389265887', address='null', mobilePhone='', email='', dateBirth='null', monthBirth='null', yearBirth='null'}, ContactData{firstName='', lastName='test-432300383', address='null', mobilePhone='test1153516621', email='test-1584964484', dateBirth='null', monthBirth='null', yearBirth='null'}, ContactData{firstName='test-949960147', lastName='test-85964818', address='null', mobilePhone='test5724974', email='test-1206387800', dateBirth='null', monthBirth='null', yearBirth='null'}, ContactData{firstName='test-949960147', lastName='test-85964818', address='null', mobilePhone='test5724974', email='test-1206387800', dateBirth='null', monthBirth='null', yearBirth='null'}, ContactData{firstName='test-949960147', lastName='test-85964818', address='null', mobilePhone='test5724974', email='test-1206387800', dateBirth='null', monthBirth='null', yearBirth='null'}, ContactData{firstName='test-949960147', lastName='test-85964818', address='null', mobilePhone='test5724974', email='test-1206387800', dateBirth='null', monthBirth='null', yearBirth='null'}, ContactData{firstName='test-949960147', lastName='test-85964818', address='null', mobilePhone='test5724974', email='test-1206387800', dateBirth='null', monthBirth='null', yearBirth='null'}, ContactData{firstName='test-363104790', lastName='test1150687125', address='null', mobilePhone='test812527360', email='test-1993302949', dateBirth='null', monthBirth='null', yearBirth='null'}, ContactData{firstName='test-363104790', lastName='test1150687125', address='null', mobilePhone='test812527360', email='test-1993302949', dateBirth='null', monthBirth='null', yearBirth='null'}, ContactData{firstName='test-363104790', lastName='test1150687125', address='null', mobilePhone='test812527360', email='test-1993302949', dateBirth='null', monthBirth='null', yearBirth='null'}, ContactData{firstName='test-363104790', lastName='test1150687125', address='null', mobilePhone='test812527360', email='test-1993302949', dateBirth='null', monthBirth='null', yearBirth='null'}, ContactData{firstName='test-363104790', lastName='test1150687125', address='null', mobilePhone='test812527360', email='test-1993302949', dateBirth='null', monthBirth='null', yearBirth='null'}, ContactData{firstName='test-363104790', lastName='test1150687125', address='null', mobilePhone='test812527360', email='test-1993302949', dateBirth='null', monthBirth='null', yearBirth='null'}, ContactData{firstName='test-363104790', lastName='test1150687125', address='null', mobilePhone='test812527360', email='test-1993302949', dateBirth='null', monthBirth='null', yearBirth='null'}, ContactData{firstName='test-363104790', lastName='test1150687125', address='null', mobilePhone='test812527360', email='test-1993302949', dateBirth='null', monthBirth='null', yearBirth='null'}, ContactData{firstName='test-363104790', lastName='test1150687125', address='null', mobilePhone='test812527360', email='test-1993302949', dateBirth='null', monthBirth='null', yearBirth='null'}, ContactData{firstName='', lastName='test124523223', address='null', mobilePhone='test818947573', email='test-1699396857', dateBirth='null', monthBirth='null', yearBirth='null'}, ContactData{firstName='', lastName='test143757501', address='null', mobilePhone='test-159889063', email='', dateBirth='null', monthBirth='null', yearBirth='null'}, ContactData{firstName='', lastName='test143757501', address='null', mobilePhone='test-159889063', email='', dateBirth='null', monthBirth='null', yearBirth='null'}, ContactData{firstName='', lastName='test143757501', address='null', mobilePhone='test-159889063', email='', dateBirth='null', monthBirth='null', yearBirth='null'}, ContactData{firstName='', lastName='test143757501', address='null', mobilePhone='test-159889063', email='', dateBirth='null', monthBirth='null', yearBirth='null'}, ContactData{firstName='', lastName='test143757501', address='null', mobilePhone='test-159889063', email='', dateBirth='null', monthBirth='null', yearBirth='null'}, ContactData{firstName='', lastName='test143757501', address='null', mobilePhone='test-159889063', email='', dateBirth='null', monthBirth='null', yearBirth='null'}, ContactData{firstName='', lastName='test143757501', address='null', mobilePhone='test-159889063', email='', dateBirth='null', monthBirth='null', yearBirth='null'}, ContactData{firstName='', lastName='test143757501', address='null', mobilePhone='test-159889063', email='', dateBirth='null', monthBirth='null', yearBirth='null'}, ContactData{firstName='', lastName='test143757501', address='null', mobilePhone='test-159889063', email='', dateBirth='null', monthBirth='null', yearBirth='null'}, ContactData{firstName='', lastName='test143757501', address='null', mobilePhone='test-159889063', email='', dateBirth='null', monthBirth='null', yearBirth='null'}, ContactData{firstName='', lastName='test143757501', address='null', mobilePhone='test-159889063', email='', dateBirth='null', monthBirth='null', yearBirth='null'}, ContactData{firstName='', lastName='test143757501', address='test2107331409', mobilePhone='test-159889063', email='', dateBirth='2', monthBirth='April', yearBirth='1453'}, ContactData{firstName='test-1698965700', lastName='test1813333897', address='null', mobilePhone='test-1718627751', email='', dateBirth='null', monthBirth='null', yearBirth='null'}, ContactData{firstName='test-1698965700', lastName='test1813333897', address='null', mobilePhone='test-1718627751', email='', dateBirth='null', monthBirth='null', yearBirth='null'}, ContactData{firstName='test-1698965700', lastName='test1813333897', address='null', mobilePhone='test-1718627751', email='', dateBirth='null', monthBirth='null', yearBirth='null'}, ContactData{firstName='test-1698965700', lastName='test1813333897', address='null', mobilePhone='test-1718627751', email='', dateBirth='null', monthBirth='null', yearBirth='null'}, ContactData{firstName='test-1698965700', lastName='test1813333897', address='null', mobilePhone='test-1718627751', email='', dateBirth='null', monthBirth='null', yearBirth='null'}, ContactData{firstName='test-1421557881', lastName='test1912168969', address='null', mobilePhone='', email='test-553664109', dateBirth='null', monthBirth='null', yearBirth='null'}, ContactData{firstName='test-2073125732', lastName='test198581471', address='null', mobilePhone='', email='', dateBirth='null', monthBirth='null', yearBirth='null'}, ContactData{firstName='test-2073125732', lastName='test198581471', address='null', mobilePhone='', email='', dateBirth='null', monthBirth='null', yearBirth='null'}, ContactData{firstName='test-2073125732', lastName='test198581471', address='null', mobilePhone='', email='', dateBirth='null', monthBirth='null', yearBirth='null'}, ContactData{firstName='test-2073125732', lastName='test198581471', address='null', mobilePhone='', email='', dateBirth='null', monthBirth='null', yearBirth='null'}, ContactData{firstName='test-2073125732', lastName='test198581471', address='null', mobilePhone='', email='', dateBirth='null', monthBirth='null', yearBirth='null'}, ContactData{firstName='test-2073125732', lastName='test198581471', address='null', mobilePhone='', email='', dateBirth='null', monthBirth='null', yearBirth='null'}, ContactData{firstName='test-1035740089', lastName='test2101242929', address='null', mobilePhone='test539178050', email='', dateBirth='null', monthBirth='null', yearBirth='null'}, ContactData{firstName='test572033207', lastName='test369181521', address='null', mobilePhone='test-294194410', email='test-1956175168', dateBirth='null', monthBirth='null', yearBirth='null'}, ContactData{firstName='', lastName='test440232425', address='null', mobilePhone='test7458516', email='test741651782', dateBirth='null', monthBirth='null', yearBirth='null'}, ContactData{firstName='test-234922828', lastName='test595372570', address='null', mobilePhone='test2114689914', email='test1460496132', dateBirth='null', monthBirth='null', yearBirth='null'}, ContactData{firstName='test1845226584', lastName='test663534883', address='null', mobilePhone='test-1922647136', email='test-1590810812', dateBirth='null', monthBirth='null', yearBirth='null'}, ContactData{firstName='test1845226584', lastName='test663534883', address='null', mobilePhone='test-1922647136', email='test-1590810812', dateBirth='null', monthBirth='null', yearBirth='null'}, ContactData{firstName='test1845226584', lastName='test663534883', address='null', mobilePhone='test-1922647136', email='test-1590810812', dateBirth='null', monthBirth='null', yearBirth='null'}, ContactData{firstName='test1845226584', lastName='test663534883', address='null', mobilePhone='test-1922647136', email='test-1590810812', dateBirth='null', monthBirth='null', yearBirth='null'}, ContactData{firstName='test1845226584', lastName='test663534883', address='null', mobilePhone='test-1922647136', email='test-1590810812', dateBirth='null', monthBirth='null', yearBirth='null'}, ContactData{firstName='', lastName='test842922543', address='null', mobilePhone='', email='', dateBirth='null', monthBirth='null', yearBirth='null'}, ContactData{firstName='', lastName='tortilla', address='null', mobilePhone='', email='', dateBirth='null', monthBirth='null', yearBirth='null'}]>
     but: was <[ContactData{firstName='', lastName='', address='null', mobilePhone='test-836734843', email='test-585035083', dateBirth='null', monthBirth='null', yearBirth='null'}, ContactData{firstName='', lastName='', address='null', mobilePhone='test1045042430', email='', dateBirth='null', monthBirth='null', yearBirth='null'}, ContactData{firstName='', lastName='', address='null', mobilePhone='', email='test549481470', dateBirth='null', monthBirth='null', yearBirth='null'}, ContactData{firstName='', lastName='', address='null', mobilePhone='', email='test549481470', dateBirth='null', monthBirth='null', yearBirth='null'}, ContactData{firstName='', lastName='', address='null', mobilePhone='', email='test549481470', dateBirth='null', monthBirth='null', yearBirth='null'}, ContactData{firstName='', lastName='', address='null', mobilePhone='', email='test549481470', dateBirth='null', monthBirth='null', yearBirth='null'}, ContactData{firstName='', lastName='', address='null', mobilePhone='', email='test549481470', dateBirth='null', monthBirth='null', yearBirth='null'}, ContactData{firstName='', lastName='', address='null', mobilePhone='', email='test549481470', dateBirth='null', monthBirth='null', yearBirth='null'}, ContactData{firstName='test-1386885785', lastName='', address='null', mobilePhone='test1643335752', email='', dateBirth='null', monthBirth='null', yearBirth='null'}, ContactData{firstName='test-1386885785', lastName='', address='null', mobilePhone='test1643335752', email='', dateBirth='null', monthBirth='null', yearBirth='null'}, ContactData{firstName='test-1386885785', lastName='', address='null', mobilePhone='test1643335752', email='', dateBirth='null', monthBirth='null', yearBirth='null'}, ContactData{firstName='test-1386885785', lastName='', address='null', mobilePhone='test1643335752', email='', dateBirth='null', monthBirth='null', yearBirth='null'}, ContactData{firstName='test-1386885785', lastName='', address='null', mobilePhone='test1643335752', email='', dateBirth='null', monthBirth='null', yearBirth='null'}, ContactData{firstName='test-1551204706', lastName='', address='null', mobilePhone='test1073971578', email='', dateBirth='null', monthBirth='null', yearBirth='null'}, ContactData{firstName='test-1767641318', lastName='', address='null', mobilePhone='test935255826', email='', dateBirth='null', monthBirth='null', yearBirth='null'}, ContactData{firstName='test-1767641318', lastName='', address='null', mobilePhone='test935255826', email='', dateBirth='null', monthBirth='null', yearBirth='null'}, ContactData{firstName='test-1767641318', lastName='', address='null', mobilePhone='test935255826', email='', dateBirth='null', monthBirth='null', yearBirth='null'}, ContactData{firstName='test-1767641318', lastName='', address='null', mobilePhone='test935255826', email='', dateBirth='null', monthBirth='null', yearBirth='null'}, ContactData{firstName='test-1767641318', lastName='', address='null', mobilePhone='test935255826', email='', dateBirth='null', monthBirth='null', yearBirth='null'}, ContactData{firstName='test-1767641318', lastName='', address='null', mobilePhone='test935255826', email='', dateBirth='null', monthBirth='null', yearBirth='null'}, ContactData{firstName='test-2028308566', lastName='', address='null', mobilePhone='', email='test-447692937', dateBirth='null', monthBirth='null', yearBirth='null'}, ContactData{firstName='test1071625', lastName='', address='null', mobilePhone='test350565088', email='test-799210202', dateBirth='null', monthBirth='null', yearBirth='null'}, ContactData{firstName='test1848553755', lastName='', address='null', mobilePhone='', email='test-603747668', dateBirth='null', monthBirth='null', yearBirth='null'}, ContactData{firstName='test1848553755', lastName='', address='null', mobilePhone='', email='test-603747668', dateBirth='null', monthBirth='null', yearBirth='null'}, ContactData{firstName='test1848553755', lastName='', address='null', mobilePhone='', email='test-603747668', dateBirth='null', monthBirth='null', yearBirth='null'}, ContactData{firstName='test1848553755', lastName='', address='null', mobilePhone='', email='test-603747668', dateBirth='null', monthBirth='null', yearBirth='null'}, ContactData{firstName='test1848553755', lastName='', address='null', mobilePhone='', email='test-603747668', dateBirth='null', monthBirth='null', yearBirth='null'}, ContactData{firstName='Natalia', lastName='Maslova', address='null', mobilePhone='+380509997755', email='maslova.nd@gmail.com', dateBirth='null', monthBirth='null', yearBirth='null'}, ContactData{firstName='Natalia', lastName='Maslova', address='null', mobilePhone='+380509997755', email='maslova.nd@gmail.com', dateBirth='null', monthBirth='null', yearBirth='null'}, ContactData{firstName='Natalia', lastName='Maslova', address='null', mobilePhone='+380509997755', email='maslova.nd@gmail.com', dateBirth='null', monthBirth='null', yearBirth='null'}, ContactData{firstName='Natalia', lastName='Maslova', address='null', mobilePhone='+380509997755', email='maslova.nd@gmail.com', dateBirth='null', monthBirth='null', yearBirth='null'}, ContactData{firstName='Natalia', lastName='Maslova', address='null', mobilePhone='+380509997755', email='maslova.nd@gmail.com', dateBirth='null', monthBirth='null', yearBirth='null'}, ContactData{firstName='Natalia', lastName='Maslova', address='null', mobilePhone='+380509997755', email='maslova.nd@gmail.com', dateBirth='null', monthBirth='null', yearBirth='null'}, ContactData{firstName='Natalia', lastName='Maslova', address='null', mobilePhone='+380509997755', email='maslova.nd@gmail.com', dateBirth='null', monthBirth='null', yearBirth='null'}, ContactData{firstName='Natalia', lastName='Maslova', address='null', mobilePhone='+380509997755', email='maslova.nd@gmail.com', dateBirth='null', monthBirth='null', yearBirth='null'}, ContactData{firstName='Natalia', lastName='Maslova', address='null', mobilePhone='+380509997755', email='maslova.nd@gmail.com', dateBirth='null', monthBirth='null', yearBirth='null'}, ContactData{firstName='Natalia', lastName='Maslova', address='null', mobilePhone='+380509997755', email='maslova.nd@gmail.com', dateBirth='null', monthBirth='null', yearBirth='null'}, ContactData{firstName='Natalia', lastName='Maslova', address='null', mobilePhone='+380509997755', email='maslova.nd@gmail.com', dateBirth='null', monthBirth='null', yearBirth='null'}, ContactData{firstName='test454059419', lastName='test-1096294426', address='null', mobilePhone='test1012281554', email='test-2062372343', dateBirth='null', monthBirth='null', yearBirth='null'}, ContactData{firstName='test1708673099', lastName='test-1125328751', address='null', mobilePhone='test322438628', email='', dateBirth='null', monthBirth='null', yearBirth='null'}, ContactData{firstName='test1179622481', lastName='test-1791016192', address='null', mobilePhone='test-1178083587', email='test114564469', dateBirth='null', monthBirth='null', yearBirth='null'}, ContactData{firstName='', lastName='test-2075038837', address='null', mobilePhone='', email='test-1492728480', dateBirth='null', monthBirth='null', yearBirth='null'}, ContactData{firstName='test370196590', lastName='test-2087171033', address='null', mobilePhone='test1497145511', email='test-101151807', dateBirth='null', monthBirth='null', yearBirth='null'}, ContactData{firstName='test1362450907', lastName='test-389265887', address='null', mobilePhone='', email='', dateBirth='null', monthBirth='null', yearBirth='null'}, ContactData{firstName='', lastName='test-432300383', address='null', mobilePhone='test1153516621', email='test-1584964484', dateBirth='null', monthBirth='null', yearBirth='null'}, ContactData{firstName='test-949960147', lastName='test-85964818', address='null', mobilePhone='test5724974', email='test-1206387800', dateBirth='null', monthBirth='null', yearBirth='null'}, ContactData{firstName='test-949960147', lastName='test-85964818', address='null', mobilePhone='test5724974', email='test-1206387800', dateBirth='null', monthBirth='null', yearBirth='null'}, ContactData{firstName='test-949960147', lastName='test-85964818', address='null', mobilePhone='test5724974', email='test-1206387800', dateBirth='null', monthBirth='null', yearBirth='null'}, ContactData{firstName='test-949960147', lastName='test-85964818', address='null', mobilePhone='test5724974', email='test-1206387800', dateBirth='null', monthBirth='null', yearBirth='null'}, ContactData{firstName='test-949960147', lastName='test-85964818', address='null', mobilePhone='test5724974', email='test-1206387800', dateBirth='null', monthBirth='null', yearBirth='null'}, ContactData{firstName='test-363104790', lastName='test1150687125', address='null', mobilePhone='test812527360', email='test-1993302949', dateBirth='null', monthBirth='null', yearBirth='null'}, ContactData{firstName='test-363104790', lastName='test1150687125', address='null', mobilePhone='test812527360', email='test-1993302949', dateBirth='null', monthBirth='null', yearBirth='null'}, ContactData{firstName='test-363104790', lastName='test1150687125', address='null', mobilePhone='test812527360', email='test-1993302949', dateBirth='null', monthBirth='null', yearBirth='null'}, ContactData{firstName='test-363104790', lastName='test1150687125', address='null', mobilePhone='test812527360', email='test-1993302949', dateBirth='null', monthBirth='null', yearBirth='null'}, ContactData{firstName='test-363104790', lastName='test1150687125', address='null', mobilePhone='test812527360', email='test-1993302949', dateBirth='null', monthBirth='null', yearBirth='null'}, ContactData{firstName='test-363104790', lastName='test1150687125', address='null', mobilePhone='test812527360', email='test-1993302949', dateBirth='null', monthBirth='null', yearBirth='null'}, ContactData{firstName='test-363104790', lastName='test1150687125', address='null', mobilePhone='test812527360', email='test-1993302949', dateBirth='null', monthBirth='null', yearBirth='null'}, ContactData{firstName='test-363104790', lastName='test1150687125', address='null', mobilePhone='test812527360', email='test-1993302949', dateBirth='null', monthBirth='null', yearBirth='null'}, ContactData{firstName='test-363104790', lastName='test1150687125', address='null', mobilePhone='test812527360', email='test-1993302949', dateBirth='null', monthBirth='null', yearBirth='null'}, ContactData{firstName='', lastName='test124523223', address='null', mobilePhone='test818947573', email='test-1699396857', dateBirth='null', monthBirth='null', yearBirth='null'}, ContactData{firstName='', lastName='test143757501', address='null', mobilePhone='test-159889063', email='', dateBirth='null', monthBirth='null', yearBirth='null'}, ContactData{firstName='', lastName='test143757501', address='null', mobilePhone='test-159889063', email='', dateBirth='null', monthBirth='null', yearBirth='null'}, ContactData{firstName='', lastName='test143757501', address='null', mobilePhone='test-159889063', email='', dateBirth='null', monthBirth='null', yearBirth='null'}, ContactData{firstName='', lastName='test143757501', address='null', mobilePhone='test-159889063', email='', dateBirth='null', monthBirth='null', yearBirth='null'}, ContactData{firstName='', lastName='test143757501', address='null', mobilePhone='test-159889063', email='', dateBirth='null', monthBirth='null', yearBirth='null'}, ContactData{firstName='', lastName='test143757501', address='null', mobilePhone='test-159889063', email='', dateBirth='null', monthBirth='null', yearBirth='null'}, ContactData{firstName='', lastName='test143757501', address='null', mobilePhone='test-159889063', email='', dateBirth='null', monthBirth='null', yearBirth='null'}, ContactData{firstName='', lastName='test143757501', address='null', mobilePhone='test-159889063', email='', dateBirth='null', monthBirth='null', yearBirth='null'}, ContactData{firstName='', lastName='test143757501', address='null', mobilePhone='test-159889063', email='', dateBirth='null', monthBirth='null', yearBirth='null'}, ContactData{firstName='', lastName='test143757501', address='null', mobilePhone='test-159889063', email='', dateBirth='null', monthBirth='null', yearBirth='null'}, ContactData{firstName='', lastName='test143757501', address='null', mobilePhone='test-159889063', email='', dateBirth='null', monthBirth='null', yearBirth='null'}, ContactData{firstName='test-1698965700', lastName='test1813333897', address='null', mobilePhone='test-1718627751', email='', dateBirth='null', monthBirth='null', yearBirth='null'}, ContactData{firstName='test-1698965700', lastName='test1813333897', address='null', mobilePhone='test-1718627751', email='', dateBirth='null', monthBirth='null', yearBirth='null'}, ContactData{firstName='test-1698965700', lastName='test1813333897', address='null', mobilePhone='test-1718627751', email='', dateBirth='null', monthBirth='null', yearBirth='null'}, ContactData{firstName='test-1698965700', lastName='test1813333897', address='null', mobilePhone='test-1718627751', email='', dateBirth='null', monthBirth='null', yearBirth='null'}, ContactData{firstName='test-1698965700', lastName='test1813333897', address='null', mobilePhone='test-1718627751', email='', dateBirth='null', monthBirth='null', yearBirth='null'}, ContactData{firstName='test-1421557881', lastName='test1912168969', address='null', mobilePhone='', email='test-553664109', dateBirth='null', monthBirth='null', yearBirth='null'}, ContactData{firstName='test-2073125732', lastName='test198581471', address='null', mobilePhone='', email='', dateBirth='null', monthBirth='null', yearBirth='null'}, ContactData{firstName='test-2073125732', lastName='test198581471', address='null', mobilePhone='', email='', dateBirth='null', monthBirth='null', yearBirth='null'}, ContactData{firstName='test-2073125732', lastName='test198581471', address='null', mobilePhone='', email='', dateBirth='null', monthBirth='null', yearBirth='null'}, ContactData{firstName='test-2073125732', lastName='test198581471', address='null', mobilePhone='', email='', dateBirth='null', monthBirth='null', yearBirth='null'}, ContactData{firstName='test-2073125732', lastName='test198581471', address='null', mobilePhone='', email='', dateBirth='null', monthBirth='null', yearBirth='null'}, ContactData{firstName='test-2073125732', lastName='test198581471', address='null', mobilePhone='', email='', dateBirth='null', monthBirth='null', yearBirth='null'}, ContactData{firstName='test-1035740089', lastName='test2101242929', address='null', mobilePhone='test539178050', email='', dateBirth='null', monthBirth='null', yearBirth='null'}, ContactData{firstName='test572033207', lastName='test369181521', address='null', mobilePhone='test-294194410', email='test-1956175168', dateBirth='null', monthBirth='null', yearBirth='null'}, ContactData{firstName='', lastName='test440232425', address='null', mobilePhone='test7458516', email='test741651782', dateBirth='null', monthBirth='null', yearBirth='null'}, ContactData{firstName='test-234922828', lastName='test595372570', address='null', mobilePhone='test2114689914', email='test1460496132', dateBirth='null', monthBirth='null', yearBirth='null'}, ContactData{firstName='test1845226584', lastName='test663534883', address='null', mobilePhone='test-1922647136', email='test-1590810812', dateBirth='null', monthBirth='null', yearBirth='null'}, ContactData{firstName='test1845226584', lastName='test663534883', address='null', mobilePhone='test-1922647136', email='test-1590810812', dateBirth='null', monthBirth='null', yearBirth='null'}, ContactData{firstName='test1845226584', lastName='test663534883', address='null', mobilePhone='test-1922647136', email='test-1590810812', dateBirth='null', monthBirth='null', yearBirth='null'}, ContactData{firstName='test1845226584', lastName='test663534883', address='null', mobilePhone='test-1922647136', email='test-1590810812', dateBirth='null', monthBirth='null', yearBirth='null'}, ContactData{firstName='test1845226584', lastName='test663534883', address='null', mobilePhone='test-1922647136', email='test-1590810812', dateBirth='null', monthBirth='null', yearBirth='null'}, ContactData{firstName='', lastName='test842922543', address='null', mobilePhone='', email='', dateBirth='null', monthBirth='null', yearBirth='null'}, ContactData{firstName='', lastName='tortilla', address='null', mobilePhone='', email='', dateBirth='null', monthBirth='null', yearBirth='null'}, ContactData{firstName='', lastName='?t??e??s??t?143757501', address='null', mobilePhone='?t??e??s??t?-159889063', email='', dateBirth='null', monthBirth='null', yearBirth='null'}]>]]>
            </message>
            <full-stacktrace>
              <![CDATA[java.lang.AssertionError: 
Expected: <[ContactData{firstName='', lastName='', address='null', mobilePhone='test-836734843', email='test-585035083', dateBirth='null', monthBirth='null', yearBirth='null'}, ContactData{firstName='', lastName='', address='null', mobilePhone='test1045042430', email='', dateBirth='null', monthBirth='null', yearBirth='null'}, ContactData{firstName='', lastName='', address='null', mobilePhone='', email='test549481470', dateBirth='null', monthBirth='null', yearBirth='null'}, ContactData{firstName='', lastName='', address='null', mobilePhone='', email='test549481470', dateBirth='null', monthBirth='null', yearBirth='null'}, ContactData{firstName='', lastName='', address='null', mobilePhone='', email='test549481470', dateBirth='null', monthBirth='null', yearBirth='null'}, ContactData{firstName='', lastName='', address='null', mobilePhone='', email='test549481470', dateBirth='null', monthBirth='null', yearBirth='null'}, ContactData{firstName='', lastName='', address='null', mobilePhone='', email='test549481470', dateBirth='null', monthBirth='null', yearBirth='null'}, ContactData{firstName='', lastName='', address='null', mobilePhone='', email='test549481470', dateBirth='null', monthBirth='null', yearBirth='null'}, ContactData{firstName='test-1386885785', lastName='', address='null', mobilePhone='test1643335752', email='', dateBirth='null', monthBirth='null', yearBirth='null'}, ContactData{firstName='test-1386885785', lastName='', address='null', mobilePhone='test1643335752', email='', dateBirth='null', monthBirth='null', yearBirth='null'}, ContactData{firstName='test-1386885785', lastName='', address='null', mobilePhone='test1643335752', email='', dateBirth='null', monthBirth='null', yearBirth='null'}, ContactData{firstName='test-1386885785', lastName='', address='null', mobilePhone='test1643335752', email='', dateBirth='null', monthBirth='null', yearBirth='null'}, ContactData{firstName='test-1386885785', lastName='', address='null', mobilePhone='test1643335752', email='', dateBirth='null', monthBirth='null', yearBirth='null'}, ContactData{firstName='test-1551204706', lastName='', address='null', mobilePhone='test1073971578', email='', dateBirth='null', monthBirth='null', yearBirth='null'}, ContactData{firstName='test-1767641318', lastName='', address='null', mobilePhone='test935255826', email='', dateBirth='null', monthBirth='null', yearBirth='null'}, ContactData{firstName='test-1767641318', lastName='', address='null', mobilePhone='test935255826', email='', dateBirth='null', monthBirth='null', yearBirth='null'}, ContactData{firstName='test-1767641318', lastName='', address='null', mobilePhone='test935255826', email='', dateBirth='null', monthBirth='null', yearBirth='null'}, ContactData{firstName='test-1767641318', lastName='', address='null', mobilePhone='test935255826', email='', dateBirth='null', monthBirth='null', yearBirth='null'}, ContactData{firstName='test-1767641318', lastName='', address='null', mobilePhone='test935255826', email='', dateBirth='null', monthBirth='null', yearBirth='null'}, ContactData{firstName='test-1767641318', lastName='', address='null', mobilePhone='test935255826', email='', dateBirth='null', monthBirth='null', yearBirth='null'}, ContactData{firstName='test-2028308566', lastName='', address='null', mobilePhone='', email='test-447692937', dateBirth='null', monthBirth='null', yearBirth='null'}, ContactData{firstName='test1071625', lastName='', address='null', mobilePhone='test350565088', email='test-799210202', dateBirth='null', monthBirth='null', yearBirth='null'}, ContactData{firstName='test1848553755', lastName='', address='null', mobilePhone='', email='test-603747668', dateBirth='null', monthBirth='null', yearBirth='null'}, ContactData{firstName='test1848553755', lastName='', address='null', mobilePhone='', email='test-603747668', dateBirth='null', monthBirth='null', yearBirth='null'}, ContactData{firstName='test1848553755', lastName='', address='null', mobilePhone='', email='test-603747668', dateBirth='null', monthBirth='null', yearBirth='null'}, ContactData{firstName='test1848553755', lastName='', address='null', mobilePhone='', email='test-603747668', dateBirth='null', monthBirth='null', yearBirth='null'}, ContactData{firstName='test1848553755', lastName='', address='null', mobilePhone='', email='test-603747668', dateBirth='null', monthBirth='null', yearBirth='null'}, ContactData{firstName='Natalia', lastName='Maslova', address='null', mobilePhone='+380509997755', email='maslova.nd@gmail.com', dateBirth='null', monthBirth='null', yearBirth='null'}, ContactData{firstName='Natalia', lastName='Maslova', address='null', mobilePhone='+380509997755', email='maslova.nd@gmail.com', dateBirth='null', monthBirth='null', yearBirth='null'}, ContactData{firstName='Natalia', lastName='Maslova', address='null', mobilePhone='+380509997755', email='maslova.nd@gmail.com', dateBirth='null', monthBirth='null', yearBirth='null'}, ContactData{firstName='Natalia', lastName='Maslova', address='null', mobilePhone='+380509997755', email='maslova.nd@gmail.com', dateBirth='null', monthBirth='null', yearBirth='null'}, ContactData{firstName='Natalia', lastName='Maslova', address='null', mobilePhone='+380509997755', email='maslova.nd@gmail.com', dateBirth='null', monthBirth='null', yearBirth='null'}, ContactData{firstName='Natalia', lastName='Maslova', address='null', mobilePhone='+380509997755', email='maslova.nd@gmail.com', dateBirth='null', monthBirth='null', yearBirth='null'}, ContactData{firstName='Natalia', lastName='Maslova', address='null', mobilePhone='+380509997755', email='maslova.nd@gmail.com', dateBirth='null', monthBirth='null', yearBirth='null'}, ContactData{firstName='Natalia', lastName='Maslova', address='null', mobilePhone='+380509997755', email='maslova.nd@gmail.com', dateBirth='null', monthBirth='null', yearBirth='null'}, ContactData{firstName='Natalia', lastName='Maslova', address='null', mobilePhone='+380509997755', email='maslova.nd@gmail.com', dateBirth='null', monthBirth='null', yearBirth='null'}, ContactData{firstName='Natalia', lastName='Maslova', address='null', mobilePhone='+380509997755', email='maslova.nd@gmail.com', dateBirth='null', monthBirth='null', yearBirth='null'}, ContactData{firstName='Natalia', lastName='Maslova', address='null', mobilePhone='+380509997755', email='maslova.nd@gmail.com', dateBirth='null', monthBirth='null', yearBirth='null'}, ContactData{firstName='test454059419', lastName='test-1096294426', address='null', mobilePhone='test1012281554', email='test-2062372343', dateBirth='null', monthBirth='null', yearBirth='null'}, ContactData{firstName='test1708673099', lastName='test-1125328751', address='null', mobilePhone='test322438628', email='', dateBirth='null', monthBirth='null', yearBirth='null'}, ContactData{firstName='test1179622481', lastName='test-1791016192', address='null', mobilePhone='test-1178083587', email='test114564469', dateBirth='null', monthBirth='null', yearBirth='null'}, ContactData{firstName='', lastName='test-2075038837', address='null', mobilePhone='', email='test-1492728480', dateBirth='null', monthBirth='null', yearBirth='null'}, ContactData{firstName='test370196590', lastName='test-2087171033', address='null', mobilePhone='test1497145511', email='test-101151807', dateBirth='null', monthBirth='null', yearBirth='null'}, ContactData{firstName='test1362450907', lastName='test-389265887', address='null', mobilePhone='', email='', dateBirth='null', monthBirth='null', yearBirth='null'}, ContactData{firstName='', lastName='test-432300383', address='null', mobilePhone='test1153516621', email='test-1584964484', dateBirth='null', monthBirth='null', yearBirth='null'}, ContactData{firstName='test-949960147', lastName='test-85964818', address='null', mobilePhone='test5724974', email='test-1206387800', dateBirth='null', monthBirth='null', yearBirth='null'}, ContactData{firstName='test-949960147', lastName='test-85964818', address='null', mobilePhone='test5724974', email='test-1206387800', dateBirth='null', monthBirth='null', yearBirth='null'}, ContactData{firstName='test-949960147', lastName='test-85964818', address='null', mobilePhone='test5724974', email='test-1206387800', dateBirth='null', monthBirth='null', yearBirth='null'}, ContactData{firstName='test-949960147', lastName='test-85964818', address='null', mobilePhone='test5724974', email='test-1206387800', dateBirth='null', monthBirth='null', yearBirth='null'}, ContactData{firstName='test-949960147', lastName='test-85964818', address='null', mobilePhone='test5724974', email='test-1206387800', dateBirth='null', monthBirth='null', yearBirth='null'}, ContactData{firstName='test-363104790', lastName='test1150687125', address='null', mobilePhone='test812527360', email='test-1993302949', dateBirth='null', monthBirth='null', yearBirth='null'}, ContactData{firstName='test-363104790', lastName='test1150687125', address='null', mobilePhone='test812527360', email='test-1993302949', dateBirth='null', monthBirth='null', yearBirth='null'}, ContactData{firstName='test-363104790', lastName='test1150687125', address='null', mobilePhone='test812527360', email='test-1993302949', dateBirth='null', monthBirth='null', yearBirth='null'}, ContactData{firstName='test-363104790', lastName='test1150687125', address='null', mobilePhone='test812527360', email='test-1993302949', dateBirth='null', monthBirth='null', yearBirth='null'}, ContactData{firstName='test-363104790', lastName='test1150687125', address='null', mobilePhone='test812527360', email='test-1993302949', dateBirth='null', monthBirth='null', yearBirth='null'}, ContactData{firstName='test-363104790', lastName='test1150687125', address='null', mobilePhone='test812527360', email='test-1993302949', dateBirth='null', monthBirth='null', yearBirth='null'}, ContactData{firstName='test-363104790', lastName='test1150687125', address='null', mobilePhone='test812527360', email='test-1993302949', dateBirth='null', monthBirth='null', yearBirth='null'}, ContactData{firstName='test-363104790', lastName='test1150687125', address='null', mobilePhone='test812527360', email='test-1993302949', dateBirth='null', monthBirth='null', yearBirth='null'}, ContactData{firstName='test-363104790', lastName='test1150687125', address='null', mobilePhone='test812527360', email='test-1993302949', dateBirth='null', monthBirth='null', yearBirth='null'}, ContactData{firstName='', lastName='test124523223', address='null', mobilePhone='test818947573', email='test-1699396857', dateBirth='null', monthBirth='null', yearBirth='null'}, ContactData{firstName='', lastName='test143757501', address='null', mobilePhone='test-159889063', email='', dateBirth='null', monthBirth='null', yearBirth='null'}, ContactData{firstName='', lastName='test143757501', address='null', mobilePhone='test-159889063', email='', dateBirth='null', monthBirth='null', yearBirth='null'}, ContactData{firstName='', lastName='test143757501', address='null', mobilePhone='test-159889063', email='', dateBirth='null', monthBirth='null', yearBirth='null'}, ContactData{firstName='', lastName='test143757501', address='null', mobilePhone='test-159889063', email='', dateBirth='null', monthBirth='null', yearBirth='null'}, ContactData{firstName='', lastName='test143757501', address='null', mobilePhone='test-159889063', email='', dateBirth='null', monthBirth='null', yearBirth='null'}, ContactData{firstName='', lastName='test143757501', address='null', mobilePhone='test-159889063', email='', dateBirth='null', monthBirth='null', yearBirth='null'}, ContactData{firstName='', lastName='test143757501', address='null', mobilePhone='test-159889063', email='', dateBirth='null', monthBirth='null', yearBirth='null'}, ContactData{firstName='', lastName='test143757501', address='null', mobilePhone='test-159889063', email='', dateBirth='null', monthBirth='null', yearBirth='null'}, ContactData{firstName='', lastName='test143757501', address='null', mobilePhone='test-159889063', email='', dateBirth='null', monthBirth='null', yearBirth='null'}, ContactData{firstName='', lastName='test143757501', address='null', mobilePhone='test-159889063', email='', dateBirth='null', monthBirth='null', yearBirth='null'}, ContactData{firstName='', lastName='test143757501', address='null', mobilePhone='test-159889063', email='', dateBirth='null', monthBirth='null', yearBirth='null'}, ContactData{firstName='', lastName='test143757501', address='test2107331409', mobilePhone='test-159889063', email='', dateBirth='2', monthBirth='April', yearBirth='1453'}, ContactData{firstName='test-1698965700', lastName='test1813333897', address='null', mobilePhone='test-1718627751', email='', dateBirth='null', monthBirth='null', yearBirth='null'}, ContactData{firstName='test-1698965700', lastName='test1813333897', address='null', mobilePhone='test-1718627751', email='', dateBirth='null', monthBirth='null', yearBirth='null'}, ContactData{firstName='test-1698965700', lastName='test1813333897', address='null', mobilePhone='test-1718627751', email='', dateBirth='null', monthBirth='null', yearBirth='null'}, ContactData{firstName='test-1698965700', lastName='test1813333897', address='null', mobilePhone='test-1718627751', email='', dateBirth='null', monthBirth='null', yearBirth='null'}, ContactData{firstName='test-1698965700', lastName='test1813333897', address='null', mobilePhone='test-1718627751', email='', dateBirth='null', monthBirth='null', yearBirth='null'}, ContactData{firstName='test-1421557881', lastName='test1912168969', address='null', mobilePhone='', email='test-553664109', dateBirth='null', monthBirth='null', yearBirth='null'}, ContactData{firstName='test-2073125732', lastName='test198581471', address='null', mobilePhone='', email='', dateBirth='null', monthBirth='null', yearBirth='null'}, ContactData{firstName='test-2073125732', lastName='test198581471', address='null', mobilePhone='', email='', dateBirth='null', monthBirth='null', yearBirth='null'}, ContactData{firstName='test-2073125732', lastName='test198581471', address='null', mobilePhone='', email='', dateBirth='null', monthBirth='null', yearBirth='null'}, ContactData{firstName='test-2073125732', lastName='test198581471', address='null', mobilePhone='', email='', dateBirth='null', monthBirth='null', yearBirth='null'}, ContactData{firstName='test-2073125732', lastName='test198581471', address='null', mobilePhone='', email='', dateBirth='null', monthBirth='null', yearBirth='null'}, ContactData{firstName='test-2073125732', lastName='test198581471', address='null', mobilePhone='', email='', dateBirth='null', monthBirth='null', yearBirth='null'}, ContactData{firstName='test-1035740089', lastName='test2101242929', address='null', mobilePhone='test539178050', email='', dateBirth='null', monthBirth='null', yearBirth='null'}, ContactData{firstName='test572033207', lastName='test369181521', address='null', mobilePhone='test-294194410', email='test-1956175168', dateBirth='null', monthBirth='null', yearBirth='null'}, ContactData{firstName='', lastName='test440232425', address='null', mobilePhone='test7458516', email='test741651782', dateBirth='null', monthBirth='null', yearBirth='null'}, ContactData{firstName='test-234922828', lastName='test595372570', address='null', mobilePhone='test2114689914', email='test1460496132', dateBirth='null', monthBirth='null', yearBirth='null'}, ContactData{firstName='test1845226584', lastName='test663534883', address='null', mobilePhone='test-1922647136', email='test-1590810812', dateBirth='null', monthBirth='null', yearBirth='null'}, ContactData{firstName='test1845226584', lastName='test663534883', address='null', mobilePhone='test-1922647136', email='test-1590810812', dateBirth='null', monthBirth='null', yearBirth='null'}, ContactData{firstName='test1845226584', lastName='test663534883', address='null', mobilePhone='test-1922647136', email='test-1590810812', dateBirth='null', monthBirth='null', yearBirth='null'}, ContactData{firstName='test1845226584', lastName='test663534883', address='null', mobilePhone='test-1922647136', email='test-1590810812', dateBirth='null', monthBirth='null', yearBirth='null'}, ContactData{firstName='test1845226584', lastName='test663534883', address='null', mobilePhone='test-1922647136', email='test-1590810812', dateBirth='null', monthBirth='null', yearBirth='null'}, ContactData{firstName='', lastName='test842922543', address='null', mobilePhone='', email='', dateBirth='null', monthBirth='null', yearBirth='null'}, ContactData{firstName='', lastName='tortilla', address='null', mobilePhone='', email='', dateBirth='null', monthBirth='null', yearBirth='null'}]>
     but: was <[ContactData{firstName='', lastName='', address='null', mobilePhone='test-836734843', email='test-585035083', dateBirth='null', monthBirth='null', yearBirth='null'}, ContactData{firstName='', lastName='', address='null', mobilePhone='test1045042430', email='', dateBirth='null', monthBirth='null', yearBirth='null'}, ContactData{firstName='', lastName='', address='null', mobilePhone='', email='test549481470', dateBirth='null', monthBirth='null', yearBirth='null'}, ContactData{firstName='', lastName='', address='null', mobilePhone='', email='test549481470', dateBirth='null', monthBirth='null', yearBirth='null'}, ContactData{firstName='', lastName='', address='null', mobilePhone='', email='test549481470', dateBirth='null', monthBirth='null', yearBirth='null'}, ContactData{firstName='', lastName='', address='null', mobilePhone='', email='test549481470', dateBirth='null', monthBirth='null', yearBirth='null'}, ContactData{firstName='', lastName='', address='null', mobilePhone='', email='test549481470', dateBirth='null', monthBirth='null', yearBirth='null'}, ContactData{firstName='', lastName='', address='null', mobilePhone='', email='test549481470', dateBirth='null', monthBirth='null', yearBirth='null'}, ContactData{firstName='test-1386885785', lastName='', address='null', mobilePhone='test1643335752', email='', dateBirth='null', monthBirth='null', yearBirth='null'}, ContactData{firstName='test-1386885785', lastName='', address='null', mobilePhone='test1643335752', email='', dateBirth='null', monthBirth='null', yearBirth='null'}, ContactData{firstName='test-1386885785', lastName='', address='null', mobilePhone='test1643335752', email='', dateBirth='null', monthBirth='null', yearBirth='null'}, ContactData{firstName='test-1386885785', lastName='', address='null', mobilePhone='test1643335752', email='', dateBirth='null', monthBirth='null', yearBirth='null'}, ContactData{firstName='test-1386885785', lastName='', address='null', mobilePhone='test1643335752', email='', dateBirth='null', monthBirth='null', yearBirth='null'}, ContactData{firstName='test-1551204706', lastName='', address='null', mobilePhone='test1073971578', email='', dateBirth='null', monthBirth='null', yearBirth='null'}, ContactData{firstName='test-1767641318', lastName='', address='null', mobilePhone='test935255826', email='', dateBirth='null', monthBirth='null', yearBirth='null'}, ContactData{firstName='test-1767641318', lastName='', address='null', mobilePhone='test935255826', email='', dateBirth='null', monthBirth='null', yearBirth='null'}, ContactData{firstName='test-1767641318', lastName='', address='null', mobilePhone='test935255826', email='', dateBirth='null', monthBirth='null', yearBirth='null'}, ContactData{firstName='test-1767641318', lastName='', address='null', mobilePhone='test935255826', email='', dateBirth='null', monthBirth='null', yearBirth='null'}, ContactData{firstName='test-1767641318', lastName='', address='null', mobilePhone='test935255826', email='', dateBirth='null', monthBirth='null', yearBirth='null'}, ContactData{firstName='test-1767641318', lastName='', address='null', mobilePhone='test935255826', email='', dateBirth='null', monthBirth='null', yearBirth='null'}, ContactData{firstName='test-2028308566', lastName='', address='null', mobilePhone='', email='test-447692937', dateBirth='null', monthBirth='null', yearBirth='null'}, ContactData{firstName='test1071625', lastName='', address='null', mobilePhone='test350565088', email='test-799210202', dateBirth='null', monthBirth='null', yearBirth='null'}, ContactData{firstName='test1848553755', lastName='', address='null', mobilePhone='', email='test-603747668', dateBirth='null', monthBirth='null', yearBirth='null'}, ContactData{firstName='test1848553755', lastName='', address='null', mobilePhone='', email='test-603747668', dateBirth='null', monthBirth='null', yearBirth='null'}, ContactData{firstName='test1848553755', lastName='', address='null', mobilePhone='', email='test-603747668', dateBirth='null', monthBirth='null', yearBirth='null'}, ContactData{firstName='test1848553755', lastName='', address='null', mobilePhone='', email='test-603747668', dateBirth='null', monthBirth='null', yearBirth='null'}, ContactData{firstName='test1848553755', lastName='', address='null', mobilePhone='', email='test-603747668', dateBirth='null', monthBirth='null', yearBirth='null'}, ContactData{firstName='Natalia', lastName='Maslova', address='null', mobilePhone='+380509997755', email='maslova.nd@gmail.com', dateBirth='null', monthBirth='null', yearBirth='null'}, ContactData{firstName='Natalia', lastName='Maslova', address='null', mobilePhone='+380509997755', email='maslova.nd@gmail.com', dateBirth='null', monthBirth='null', yearBirth='null'}, ContactData{firstName='Natalia', lastName='Maslova', address='null', mobilePhone='+380509997755', email='maslova.nd@gmail.com', dateBirth='null', monthBirth='null', yearBirth='null'}, ContactData{firstName='Natalia', lastName='Maslova', address='null', mobilePhone='+380509997755', email='maslova.nd@gmail.com', dateBirth='null', monthBirth='null', yearBirth='null'}, ContactData{firstName='Natalia', lastName='Maslova', address='null', mobilePhone='+380509997755', email='maslova.nd@gmail.com', dateBirth='null', monthBirth='null', yearBirth='null'}, ContactData{firstName='Natalia', lastName='Maslova', address='null', mobilePhone='+380509997755', email='maslova.nd@gmail.com', dateBirth='null', monthBirth='null', yearBirth='null'}, ContactData{firstName='Natalia', lastName='Maslova', address='null', mobilePhone='+380509997755', email='maslova.nd@gmail.com', dateBirth='null', monthBirth='null', yearBirth='null'}, ContactData{firstName='Natalia', lastName='Maslova', address='null', mobilePhone='+380509997755', email='maslova.nd@gmail.com', dateBirth='null', monthBirth='null', yearBirth='null'}, ContactData{firstName='Natalia', lastName='Maslova', address='null', mobilePhone='+380509997755', email='maslova.nd@gmail.com', dateBirth='null', monthBirth='null', yearBirth='null'}, ContactData{firstName='Natalia', lastName='Maslova', address='null', mobilePhone='+380509997755', email='maslova.nd@gmail.com', dateBirth='null', monthBirth='null', yearBirth='null'}, ContactData{firstName='Natalia', lastName='Maslova', address='null', mobilePhone='+380509997755', email='maslova.nd@gmail.com', dateBirth='null', monthBirth='null', yearBirth='null'}, ContactData{firstName='test454059419', lastName='test-1096294426', address='null', mobilePhone='test1012281554', email='test-2062372343', dateBirth='null', monthBirth='null', yearBirth='null'}, ContactData{firstName='test1708673099', lastName='test-1125328751', address='null', mobilePhone='test322438628', email='', dateBirth='null', monthBirth='null', yearBirth='null'}, ContactData{firstName='test1179622481', lastName='test-1791016192', address='null', mobilePhone='test-1178083587', email='test114564469', dateBirth='null', monthBirth='null', yearBirth='null'}, ContactData{firstName='', lastName='test-2075038837', address='null', mobilePhone='', email='test-1492728480', dateBirth='null', monthBirth='null', yearBirth='null'}, ContactData{firstName='test370196590', lastName='test-2087171033', address='null', mobilePhone='test1497145511', email='test-101151807', dateBirth='null', monthBirth='null', yearBirth='null'}, ContactData{firstName='test1362450907', lastName='test-389265887', address='null', mobilePhone='', email='', dateBirth='null', monthBirth='null', yearBirth='null'}, ContactData{firstName='', lastName='test-432300383', address='null', mobilePhone='test1153516621', email='test-1584964484', dateBirth='null', monthBirth='null', yearBirth='null'}, ContactData{firstName='test-949960147', lastName='test-85964818', address='null', mobilePhone='test5724974', email='test-1206387800', dateBirth='null', monthBirth='null', yearBirth='null'}, ContactData{firstName='test-949960147', lastName='test-85964818', address='null', mobilePhone='test5724974', email='test-1206387800', dateBirth='null', monthBirth='null', yearBirth='null'}, ContactData{firstName='test-949960147', lastName='test-85964818', address='null', mobilePhone='test5724974', email='test-1206387800', dateBirth='null', monthBirth='null', yearBirth='null'}, ContactData{firstName='test-949960147', lastName='test-85964818', address='null', mobilePhone='test5724974', email='test-1206387800', dateBirth='null', monthBirth='null', yearBirth='null'}, ContactData{firstName='test-949960147', lastName='test-85964818', address='null', mobilePhone='test5724974', email='test-1206387800', dateBirth='null', monthBirth='null', yearBirth='null'}, ContactData{firstName='test-363104790', lastName='test1150687125', address='null', mobilePhone='test812527360', email='test-1993302949', dateBirth='null', monthBirth='null', yearBirth='null'}, ContactData{firstName='test-363104790', lastName='test1150687125', address='null', mobilePhone='test812527360', email='test-1993302949', dateBirth='null', monthBirth='null', yearBirth='null'}, ContactData{firstName='test-363104790', lastName='test1150687125', address='null', mobilePhone='test812527360', email='test-1993302949', dateBirth='null', monthBirth='null', yearBirth='null'}, ContactData{firstName='test-363104790', lastName='test1150687125', address='null', mobilePhone='test812527360', email='test-1993302949', dateBirth='null', monthBirth='null', yearBirth='null'}, ContactData{firstName='test-363104790', lastName='test1150687125', address='null', mobilePhone='test812527360', email='test-1993302949', dateBirth='null', monthBirth='null', yearBirth='null'}, ContactData{firstName='test-363104790', lastName='test1150687125', address='null', mobilePhone='test812527360', email='test-1993302949', dateBirth='null', monthBirth='null', yearBirth='null'}, ContactData{firstName='test-363104790', lastName='test1150687125', address='null', mobilePhone='test812527360', email='test-1993302949', dateBirth='null', monthBirth='null', yearBirth='null'}, ContactData{firstName='test-363104790', lastName='test1150687125', address='null', mobilePhone='test812527360', email='test-1993302949', dateBirth='null', monthBirth='null', yearBirth='null'}, ContactData{firstName='test-363104790', lastName='test1150687125', address='null', mobilePhone='test812527360', email='test-1993302949', dateBirth='null', monthBirth='null', yearBirth='null'}, ContactData{firstName='', lastName='test124523223', address='null', mobilePhone='test818947573', email='test-1699396857', dateBirth='null', monthBirth='null', yearBirth='null'}, ContactData{firstName='', lastName='test143757501', address='null', mobilePhone='test-159889063', email='', dateBirth='null', monthBirth='null', yearBirth='null'}, ContactData{firstName='', lastName='test143757501', address='null', mobilePhone='test-159889063', email='', dateBirth='null', monthBirth='null', yearBirth='null'}, ContactData{firstName='', lastName='test143757501', address='null', mobilePhone='test-159889063', email='', dateBirth='null', monthBirth='null', yearBirth='null'}, ContactData{firstName='', lastName='test143757501', address='null', mobilePhone='test-159889063', email='', dateBirth='null', monthBirth='null', yearBirth='null'}, ContactData{firstName='', lastName='test143757501', address='null', mobilePhone='test-159889063', email='', dateBirth='null', monthBirth='null', yearBirth='null'}, ContactData{firstName='', lastName='test143757501', address='null', mobilePhone='test-159889063', email='', dateBirth='null', monthBirth='null', yearBirth='null'}, ContactData{firstName='', lastName='test143757501', address='null', mobilePhone='test-159889063', email='', dateBirth='null', monthBirth='null', yearBirth='null'}, ContactData{firstName='', lastName='test143757501', address='null', mobilePhone='test-159889063', email='', dateBirth='null', monthBirth='null', yearBirth='null'}, ContactData{firstName='', lastName='test143757501', address='null', mobilePhone='test-159889063', email='', dateBirth='null', monthBirth='null', yearBirth='null'}, ContactData{firstName='', lastName='test143757501', address='null', mobilePhone='test-159889063', email='', dateBirth='null', monthBirth='null', yearBirth='null'}, ContactData{firstName='', lastName='test143757501', address='null', mobilePhone='test-159889063', email='', dateBirth='null', monthBirth='null', yearBirth='null'}, ContactData{firstName='test-1698965700', lastName='test1813333897', address='null', mobilePhone='test-1718627751', email='', dateBirth='null', monthBirth='null', yearBirth='null'}, ContactData{firstName='test-1698965700', lastName='test1813333897', address='null', mobilePhone='test-1718627751', email='', dateBirth='null', monthBirth='null', yearBirth='null'}, ContactData{firstName='test-1698965700', lastName='test1813333897', address='null', mobilePhone='test-1718627751', email='', dateBirth='null', monthBirth='null', yearBirth='null'}, ContactData{firstName='test-1698965700', lastName='test1813333897', address='null', mobilePhone='test-1718627751', email='', dateBirth='null', monthBirth='null', yearBirth='null'}, ContactData{firstName='test-1698965700', lastName='test1813333897', address='null', mobilePhone='test-1718627751', email='', dateBirth='null', monthBirth='null', yearBirth='null'}, ContactData{firstName='test-1421557881', lastName='test1912168969', address='null', mobilePhone='', email='test-553664109', dateBirth='null', monthBirth='null', yearBirth='null'}, ContactData{firstName='test-2073125732', lastName='test198581471', address='null', mobilePhone='', email='', dateBirth='null', monthBirth='null', yearBirth='null'}, ContactData{firstName='test-2073125732', lastName='test198581471', address='null', mobilePhone='', email='', dateBirth='null', monthBirth='null', yearBirth='null'}, ContactData{firstName='test-2073125732', lastName='test198581471', address='null', mobilePhone='', email='', dateBirth='null', monthBirth='null', yearBirth='null'}, ContactData{firstName='test-2073125732', lastName='test198581471', address='null', mobilePhone='', email='', dateBirth='null', monthBirth='null', yearBirth='null'}, ContactData{firstName='test-2073125732', lastName='test198581471', address='null', mobilePhone='', email='', dateBirth='null', monthBirth='null', yearBirth='null'}, ContactData{firstName='test-2073125732', lastName='test198581471', address='null', mobilePhone='', email='', dateBirth='null', monthBirth='null', yearBirth='null'}, ContactData{firstName='test-1035740089', lastName='test2101242929', address='null', mobilePhone='test539178050', email='', dateBirth='null', monthBirth='null', yearBirth='null'}, ContactData{firstName='test572033207', lastName='test369181521', address='null', mobilePhone='test-294194410', email='test-1956175168', dateBirth='null', monthBirth='null', yearBirth='null'}, ContactData{firstName='', lastName='test440232425', address='null', mobilePhone='test7458516', email='test741651782', dateBirth='null', monthBirth='null', yearBirth='null'}, ContactData{firstName='test-234922828', lastName='test595372570', address='null', mobilePhone='test2114689914', email='test1460496132', dateBirth='null', monthBirth='null', yearBirth='null'}, ContactData{firstName='test1845226584', lastName='test663534883', address='null', mobilePhone='test-1922647136', email='test-1590810812', dateBirth='null', monthBirth='null', yearBirth='null'}, ContactData{firstName='test1845226584', lastName='test663534883', address='null', mobilePhone='test-1922647136', email='test-1590810812', dateBirth='null', monthBirth='null', yearBirth='null'}, ContactData{firstName='test1845226584', lastName='test663534883', address='null', mobilePhone='test-1922647136', email='test-1590810812', dateBirth='null', monthBirth='null', yearBirth='null'}, ContactData{firstName='test1845226584', lastName='test663534883', address='null', mobilePhone='test-1922647136', email='test-1590810812', dateBirth='null', monthBirth='null', yearBirth='null'}, ContactData{firstName='test1845226584', lastName='test663534883', address='null', mobilePhone='test-1922647136', email='test-1590810812', dateBirth='null', monthBirth='null', yearBirth='null'}, ContactData{firstName='', lastName='test842922543', address='null', mobilePhone='', email='', dateBirth='null', monthBirth='null', yearBirth='null'}, ContactData{firstName='', lastName='tortilla', address='null', mobilePhone='', email='', dateBirth='null', monthBirth='null', yearBirth='null'}, ContactData{firstName='', lastName='?t??e??s??t?143757501', address='null', mobilePhone='?t??e??s??t?-159889063', email='', dateBirth='null', monthBirth='null', yearBirth='null'}]>
	at org.hamcrest.MatcherAssert.assertThat(MatcherAssert.java:20)
	at org.junit.Assert.assertThat(Assert.java:865)
	at org.junit.Assert.assertThat(Assert.java:832)
	at com.example.tests.ContactCreationTests.testContactCreationWithValidData(ContactCreationTests.java:39)
	at sun.reflect.NativeMethodAccessorImpl.invoke0(Native Method)
	at sun.reflect.NativeMethodAccessorImpl.invoke(Unknown Source)
	at sun.reflect.DelegatingMethodAccessorImpl.invoke(Unknown Source)
	at java.lang.reflect.Method.invoke(Unknown Source)
	at org.testng.internal.MethodInvocationHelper.invokeMethod(MethodInvocationHelper.java:84)
	at org.testng.internal.Invoker.invokeMethod(Invoker.java:714)
	at org.testng.internal.Invoker.invokeTestMethod(Invoker.java:901)
	at org.testng.internal.Invoker.invokeTestMethods(Invoker.java:1231)
	at org.testng.internal.TestMethodWorker.invokeTestMethods(TestMethodWorker.java:127)
	at org.testng.internal.TestMethodWorker.run(TestMethodWorker.java:111)
	at org.testng.TestRunner.privateRun(TestRunner.java:767)
	at org.testng.TestRunner.run(TestRunner.java:617)
	at org.testng.SuiteRunner.runTest(SuiteRunner.java:334)
	at org.testng.SuiteRunner.runSequentially(SuiteRunner.java:329)
	at org.testng.SuiteRunner.privateRun(SuiteRunner.java:291)
	at org.testng.SuiteRunner.run(SuiteRunner.java:240)
	at org.testng.SuiteRunnerWorker.runSuite(SuiteRunnerWorker.java:52)
	at org.testng.SuiteRunnerWorker.run(SuiteRunnerWorker.java:86)
	at org.testng.TestNG.runSuitesSequentially(TestNG.java:1224)
	at org.testng.TestNG.runSuitesLocally(TestNG.java:1149)
	at org.testng.TestNG.run(TestNG.java:1057)
	at org.testng.TestNG.privateMain(TestNG.java:1364)
	at org.testng.TestNG.main(TestNG.java:1333)
]]>
            </full-stacktrace>
          </exception> <!-- java.lang.AssertionError -->
          <reporter-output>
          </reporter-output>
        </test-method> <!-- testContactCreationWithValidData -->
        <test-method status="FAIL" signature="testContactCreationWithValidData(com.example.tests.ContactData)[pri:0, instance:com.example.tests.ContactCreationTests@2280cdac]" name="testContactCreationWithValidData" duration-ms="35701" started-at="2014-09-07T11:35:44Z" data-provider="contactsFromFile" finished-at="2014-09-07T11:36:20Z">
          <params>
            <param index="0">
              <value>
                <![CDATA[ContactData{firstName='test-363104790', lastName='test1150687125', address='', mobilePhone='test812527360', email='test-1993302949', dateBirth='11', monthBirth='January', yearBirth='1477'}]]>
              </value>
            </param>
          </params>
          <exception class="org.openqa.selenium.UnhandledAlertException">
            <message>
              <![CDATA[Modal dialog present: Do you want to turn AutoComplete on?
Build info: version: '2.42.2', revision: '6a6995d', time: '2014-06-03 17:42:03'
System info: host: 'NATALIAMASL7A70', ip: '10.211.55.3', os.name: 'Windows 7', os.arch: 'amd64', os.version: '6.1', java.version: '1.8.0_20-ea'
Driver info: org.openqa.selenium.ie.InternetExplorerDriver
Capabilities [{browserAttachTimeout=0, enablePersistentHover=true, ie.forceCreateProcessApi=false, ie.usePerProcessProxy=false, ignoreZoomSetting=false, handlesAlerts=true, version=8, platform=WINDOWS, nativeEvents=true, ie.ensureCleanSession=false, elementScrollBehavior=0, ie.browserCommandLineSwitches=, requireWindowFocus=false, browserName=internet explorer, initialBrowserUrl=http://localhost:1293/, takesScreenshot=true, javascriptEnabled=true, ignoreProtectedModeSettings=true, enableElementCacheCleanup=true, cssSelectorsEnabled=true, unexpectedAlertBehaviour=dismiss}]
Session ID: 847d6407-8106-4db1-9935-a8ece2a5a63c]]>
            </message>
            <full-stacktrace><![CDATA[<![CDATA[<![CDATA[<![CDATA[
              <![CDATA[org.openqa.selenium.UnhandledAlertException: Modal dialog present: Do you want to turn AutoComplete on?
Build info: version: '2.42.2', revision: '6a6995d', time: '2014-06-03 17:42:03'
System info: host: 'NATALIAMASL7A70', ip: '10.211.55.3', os.name: 'Windows 7', os.arch: 'amd64', os.version: '6.1', java.version: '1.8.0_20-ea'
Driver info: org.openqa.selenium.ie.InternetExplorerDriver
Capabilities [{browserAttachTimeout=0, enablePersistentHover=true, ie.forceCreateProcessApi=false, ie.usePerProcessProxy=false, ignoreZoomSetting=false, handlesAlerts=true, version=8, platform=WINDOWS, nativeEvents=true, ie.ensureCleanSession=false, elementScrollBehavior=0, ie.browserCommandLineSwitches=, requireWindowFocus=false, browserName=internet explorer, initialBrowserUrl=http://localhost:1293/, takesScreenshot=true, javascriptEnabled=true, ignoreProtectedModeSettings=true, enableElementCacheCleanup=true, cssSelectorsEnabled=true, unexpectedAlertBehaviour=dismiss}]
Session ID: 847d6407-8106-4db1-9935-a8ece2a5a63c
	at sun.reflect.NativeConstructorAccessorImpl.newInstance0(Native Method)
	at sun.reflect.NativeConstructorAccessorImpl.newInstance(Unknown Source)
	at sun.reflect.DelegatingConstructorAccessorImpl.newInstance(Unknown Source)
	at java.lang.reflect.Constructor.newInstance(Unknown Source)
	at org.openqa.selenium.remote.ErrorHandler.createThrowable(ErrorHandler.java:204)
	at org.openqa.selenium.remote.ErrorHandler.createUnhandledAlertException(ErrorHandler.java:185)
	at org.openqa.selenium.remote.ErrorHandler.throwIfResponseFailed(ErrorHandler.java:152)
	at org.openqa.selenium.remote.RemoteWebDriver.execute(RemoteWebDriver.java:599)
	at org.openqa.selenium.remote.RemoteWebDriver.findElements(RemoteWebDriver.java:377)
	at org.openqa.selenium.remote.RemoteWebDriver.findElementsById(RemoteWebDriver.java:397)
	at org.openqa.selenium.By$ById.findElements(By.java:206)
	at org.openqa.selenium.remote.RemoteWebDriver.findElements(RemoteWebDriver.java:com.example.fw.NavigationWebDriverHelperionHelper.onMainPage(NavigationHelper.java:37)
	at com.example.fw.NavigationWebDriverHcom.example.fw.ContactWebDriverHelperper.java:15)
	at com.example.fw.ContactHelper.rebucom.example.fw.ContactWebDriverHelper31)
	at com.example.fw.ContactHelper.createContact(ContactHelper.java:47)
	at com.example.tests.ContactCreationTests.testContactCreationWithValidData(ContactCreationTests.java:33)
	at sun.reflect.NativeMethodAccessorImpl.invoke0(Native Method)
	at sun.reflect.NativeMethodAccessorImpl.invoke(Unknown Source)
	at sun.reflect.DelegatingMethodAccessorImpl.invoke(Unknown Source)
	at java.lang.reflect.Method.invoke(Unknown Source)
	at org.testng.internal.MethodInvocationHelper.invokeMethod(MethodInvocationHelper.java:84)
	at org.testng.internal.Invoker.invokeMethod(Invoker.java:714)
	at org.testng.internal.Invoker.invokeTestMethod(Invoker.java:901)
	at org.testng.internal.Invoker.invokeTestMethods(Invoker.java:1231)
	at org.testng.internal.TestMethodWorker.invokeTestMethods(TestMethodWorker.java:127)
	at org.testng.internal.TestMethodWorker.run(TestMethodWorker.java:111)
	at org.testng.TestRunner.privateRun(TestRunner.java:767)
	at org.testng.TestRunner.run(TestRunner.java:617)
	at org.testng.SuiteRunner.runTest(SuiteRunner.java:334)
	at org.testng.SuiteRunner.runSequentially(SuiteRunner.java:329)
	at org.testng.SuiteRunner.privateRun(SuiteRunner.java:291)
	at org.testng.SuiteRunner.run(SuiteRunner.java:240)
	at org.testng.SuiteRunnerWorker.runSuite(SuiteRunnerWorker.java:52)
	at org.testng.SuiteRunnerWorker.run(SuiteRunnerWorker.java:86)
	at org.testng.TestNG.runSuitesSequentially(TestNG.java:1224)
	at org.testng.TestNG.runSuitesLocally(TestNG.java:1149)
	at org.testng.TestNG.run(TestNG.java:1057)
	at org.testng.TestNG.privateMain(TestNG.java:1364)
	at org.testng.TestNG.main(TestNG.java:1333)
]]>
            ]]>]]>]]>]]></full-stacktrace>
          </exception> <!-- org.openqa.selenium.UnhandledAlertException -->
          <reporter-output>
          </reporter-output>
        </test-method> <!-- testContactCreationWithValidData -->
        <test-method status="PASS" signature="tearDown()[pri:0, instance:com.example.tests.ContactCreationTests@2280cdac]" name="tearDown" is-config="true" duration-ms="1214" started-at="2014-09-07T11:36:20Z" finished-at="2014-09-07T11:36:21Z">
          <reporter-output>
          </reporter-output>
        </test-method> <!-- tearDown -->
      </class> <!-- com.example.tests.ContactCreationTests -->
    </test> <!-- addressbook-selenium-tests -->
  </suite> <!-- Custom suite -->
</testng-results>
