<?xml version="1.0" encoding="UTF-8"?>
<!-- Generated by org.testng.reporters.JUnitXMLReporter -->
<testsuite hostname="NATALIAMASL7A70" name="addressbook-selenium-tests" tests="2" failures="2" timestamp="7 Sep 2014 08:36:21 GMT" time="288.8" errors="0">
  <testcase name="testContactCreationWithValidData" time="247.328" classname="com.example.tests.ContactCreationTests">
    <failure type="java.lang.AssertionError" message="
Expected: &amp;lt;[ContactData{firstName=&amp;apos;&amp;apos;, lastName=&amp;apos;&amp;apos;, address=&amp;apos;null&amp;apos;, mobilePhone=&amp;apos;test-836734843&amp;apos;, email=&amp;apos;test-585035083&amp;apos;, dateBirth=&amp;apos;null&amp;apos;, monthBirth=&amp;apos;null&amp;apos;, yearBirth=&amp;apos;null&amp;apos;}, ContactData{firstName=&amp;apos;&amp;apos;, lastName=&amp;apos;&amp;apos;, address=&amp;apos;null&amp;apos;, mobilePhone=&amp;apos;test1045042430&amp;apos;, email=&amp;apos;&amp;apos;, dateBirth=&amp;apos;null&amp;apos;, monthBirth=&amp;apos;null&amp;apos;, yearBirth=&amp;apos;null&amp;apos;}, ContactData{firstName=&amp;apos;&amp;apos;, lastName=&amp;apos;&amp;apos;, address=&amp;apos;null&amp;apos;, mobilePhone=&amp;apos;&amp;apos;, email=&amp;apos;test549481470&amp;apos;, dateBirth=&amp;apos;null&amp;apos;, monthBirth=&amp;apos;null&amp;apos;, yearBirth=&amp;apos;null&amp;apos;}, ContactData{firstName=&amp;apos;&amp;apos;, lastName=&amp;apos;&amp;apos;, address=&amp;apos;null&amp;apos;, mobilePhone=&amp;apos;&amp;apos;, email=&amp;apos;test549481470&amp;apos;, dateBirth=&amp;apos;null&amp;apos;, monthBirth=&amp;apos;null&amp;apos;, yearBirth=&amp;apos;null&amp;apos;}, ContactData{firstName=&amp;apos;&amp;apos;, lastName=&amp;apos;&amp;apos;, address=&amp;apos;null&amp;apos;, mobilePhone=&amp;apos;&amp;apos;, email=&amp;apos;test549481470&amp;apos;, dateBirth=&amp;apos;null&amp;apos;, monthBirth=&amp;apos;null&amp;apos;, yearBirth=&amp;apos;null&amp;apos;}, ContactData{firstName=&amp;apos;&amp;apos;, lastName=&amp;apos;&amp;apos;, address=&amp;apos;null&amp;apos;, mobilePhone=&amp;apos;&amp;apos;, email=&amp;apos;test549481470&amp;apos;, dateBirth=&amp;apos;null&amp;apos;, monthBirth=&amp;apos;null&amp;apos;, yearBirth=&amp;apos;null&amp;apos;}, ContactData{firstName=&amp;apos;&amp;apos;, lastName=&amp;apos;&amp;apos;, address=&amp;apos;null&amp;apos;, mobilePhone=&amp;apos;&amp;apos;, email=&amp;apos;test549481470&amp;apos;, dateBirth=&amp;apos;null&amp;apos;, monthBirth=&amp;apos;null&amp;apos;, yearBirth=&amp;apos;null&amp;apos;}, ContactData{firstName=&amp;apos;&amp;apos;, lastName=&amp;apos;&amp;apos;, address=&amp;apos;null&amp;apos;, mobilePhone=&amp;apos;&amp;apos;, email=&amp;apos;test549481470&amp;apos;, dateBirth=&amp;apos;null&amp;apos;, monthBirth=&amp;apos;null&amp;apos;, yearBirth=&amp;apos;null&amp;apos;}, ContactData{firstName=&amp;apos;test-1386885785&amp;apos;, lastName=&amp;apos;&amp;apos;, address=&amp;apos;null&amp;apos;, mobilePhone=&amp;apos;test1643335752&amp;apos;, email=&amp;apos;&amp;apos;, dateBirth=&amp;apos;null&amp;apos;, monthBirth=&amp;apos;null&amp;apos;, yearBirth=&amp;apos;null&amp;apos;}, ContactData{firstName=&amp;apos;test-1386885785&amp;apos;, lastName=&amp;apos;&amp;apos;, address=&amp;apos;null&amp;apos;, mobilePhone=&amp;apos;test1643335752&amp;apos;, email=&amp;apos;&amp;apos;, dateBirth=&amp;apos;null&amp;apos;, monthBirth=&amp;apos;null&amp;apos;, yearBirth=&amp;apos;null&amp;apos;}, ContactData{firstName=&amp;apos;test-1386885785&amp;apos;, lastName=&amp;apos;&amp;apos;, address=&amp;apos;null&amp;apos;, mobilePhone=&amp;apos;test1643335752&amp;apos;, email=&amp;apos;&amp;apos;, dateBirth=&amp;apos;null&amp;apos;, monthBirth=&amp;apos;null&amp;apos;, yearBirth=&amp;apos;null&amp;apos;}, ContactData{firstName=&amp;apos;test-1386885785&amp;apos;, lastName=&amp;apos;&amp;apos;, address=&amp;apos;null&amp;apos;, mobilePhone=&amp;apos;test1643335752&amp;apos;, email=&amp;apos;&amp;apos;, dateBirth=&amp;apos;null&amp;apos;, monthBirth=&amp;apos;null&amp;apos;, yearBirth=&amp;apos;null&amp;apos;}, ContactData{firstName=&amp;apos;test-1386885785&amp;apos;, lastName=&amp;apos;&amp;apos;, address=&amp;apos;null&amp;apos;, mobilePhone=&amp;apos;test1643335752&amp;apos;, email=&amp;apos;&amp;apos;, dateBirth=&amp;apos;null&amp;apos;, monthBirth=&amp;apos;null&amp;apos;, yearBirth=&amp;apos;null&amp;apos;}, ContactData{firstName=&amp;apos;test-1551204706&amp;apos;, lastName=&amp;apos;&amp;apos;, address=&amp;apos;null&amp;apos;, mobilePhone=&amp;apos;test1073971578&amp;apos;, email=&amp;apos;&amp;apos;, dateBirth=&amp;apos;null&amp;apos;, monthBirth=&amp;apos;null&amp;apos;, yearBirth=&amp;apos;null&amp;apos;}, ContactData{firstName=&amp;apos;test-1767641318&amp;apos;, lastName=&amp;apos;&amp;apos;, address=&amp;apos;null&amp;apos;, mobilePhone=&amp;apos;test935255826&amp;apos;, email=&amp;apos;&amp;apos;, dateBirth=&amp;apos;null&amp;apos;, monthBirth=&amp;apos;null&amp;apos;, yearBirth=&amp;apos;null&amp;apos;}, ContactData{firstName=&amp;apos;test-1767641318&amp;apos;, lastName=&amp;apos;&amp;apos;, address=&amp;apos;null&amp;apos;, mobilePhone=&amp;apos;test935255826&amp;apos;, email=&amp;apos;&amp;apos;, dateBirth=&amp;apos;null&amp;apos;, monthBirth=&amp;apos;null&amp;apos;, yearBirth=&amp;apos;null&amp;apos;}, ContactData{firstName=&amp;apos;test-1767641318&amp;apos;, lastName=&amp;apos;&amp;apos;, address=&amp;apos;null&amp;apos;, mobilePhone=&amp;apos;test935255826&amp;apos;, email=&amp;apos;&amp;apos;, dateBirth=&amp;apos;null&amp;apos;, monthBirth=&amp;apos;null&amp;apos;, yearBirth=&amp;apos;null&amp;apos;}, ContactData{firstName=&amp;apos;test-1767641318&amp;apos;, lastName=&amp;apos;&amp;apos;, address=&amp;apos;null&amp;apos;, mobilePhone=&amp;apos;test935255826&amp;apos;, email=&amp;apos;&amp;apos;, dateBirth=&amp;apos;null&amp;apos;, monthBirth=&amp;apos;null&amp;apos;, yearBirth=&amp;apos;null&amp;apos;}, ContactData{firstName=&amp;apos;test-1767641318&amp;apos;, lastName=&amp;apos;&amp;apos;, address=&amp;apos;null&amp;apos;, mobilePhone=&amp;apos;test935255826&amp;apos;, email=&amp;apos;&amp;apos;, dateBirth=&amp;apos;null&amp;apos;, monthBirth=&amp;apos;null&amp;apos;, yearBirth=&amp;apos;null&amp;apos;}, ContactData{firstName=&amp;apos;test-1767641318&amp;apos;, lastName=&amp;apos;&amp;apos;, address=&amp;apos;null&amp;apos;, mobilePhone=&amp;apos;test935255826&amp;apos;, email=&amp;apos;&amp;apos;, dateBirth=&amp;apos;null&amp;apos;, monthBirth=&amp;apos;null&amp;apos;, yearBirth=&amp;apos;null&amp;apos;}, ContactData{firstName=&amp;apos;test-2028308566&amp;apos;, lastName=&amp;apos;&amp;apos;, address=&amp;apos;null&amp;apos;, mobilePhone=&amp;apos;&amp;apos;, email=&amp;apos;test-447692937&amp;apos;, dateBirth=&amp;apos;null&amp;apos;, monthBirth=&amp;apos;null&amp;apos;, yearBirth=&amp;apos;null&amp;apos;}, ContactData{firstName=&amp;apos;test1071625&amp;apos;, lastName=&amp;apos;&amp;apos;, address=&amp;apos;null&amp;apos;, mobilePhone=&amp;apos;test350565088&amp;apos;, email=&amp;apos;test-799210202&amp;apos;, dateBirth=&amp;apos;null&amp;apos;, monthBirth=&amp;apos;null&amp;apos;, yearBirth=&amp;apos;null&amp;apos;}, ContactData{firstName=&amp;apos;test1848553755&amp;apos;, lastName=&amp;apos;&amp;apos;, address=&amp;apos;null&amp;apos;, mobilePhone=&amp;apos;&amp;apos;, email=&amp;apos;test-603747668&amp;apos;, dateBirth=&amp;apos;null&amp;apos;, monthBirth=&amp;apos;null&amp;apos;, yearBirth=&amp;apos;null&amp;apos;}, ContactData{firstName=&amp;apos;test1848553755&amp;apos;, lastName=&amp;apos;&amp;apos;, address=&amp;apos;null&amp;apos;, mobilePhone=&amp;apos;&amp;apos;, email=&amp;apos;test-603747668&amp;apos;, dateBirth=&amp;apos;null&amp;apos;, monthBirth=&amp;apos;null&amp;apos;, yearBirth=&amp;apos;null&amp;apos;}, ContactData{firstName=&amp;apos;test1848553755&amp;apos;, lastName=&amp;apos;&amp;apos;, address=&amp;apos;null&amp;apos;, mobilePhone=&amp;apos;&amp;apos;, email=&amp;apos;test-603747668&amp;apos;, dateBirth=&amp;apos;null&amp;apos;, monthBirth=&amp;apos;null&amp;apos;, yearBirth=&amp;apos;null&amp;apos;}, ContactData{firstName=&amp;apos;test1848553755&amp;apos;, lastName=&amp;apos;&amp;apos;, address=&amp;apos;null&amp;apos;, mobilePhone=&amp;apos;&amp;apos;, email=&amp;apos;test-603747668&amp;apos;, dateBirth=&amp;apos;null&amp;apos;, monthBirth=&amp;apos;null&amp;apos;, yearBirth=&amp;apos;null&amp;apos;}, ContactData{firstName=&amp;apos;test1848553755&amp;apos;, lastName=&amp;apos;&amp;apos;, address=&amp;apos;null&amp;apos;, mobilePhone=&amp;apos;&amp;apos;, email=&amp;apos;test-603747668&amp;apos;, dateBirth=&amp;apos;null&amp;apos;, monthBirth=&amp;apos;null&amp;apos;, yearBirth=&amp;apos;null&amp;apos;}, ContactData{firstName=&amp;apos;Natalia&amp;apos;, lastName=&amp;apos;Maslova&amp;apos;, address=&amp;apos;null&amp;apos;, mobilePhone=&amp;apos;+380509997755&amp;apos;, email=&amp;apos;maslova.nd@gmail.com&amp;apos;, dateBirth=&amp;apos;null&amp;apos;, monthBirth=&amp;apos;null&amp;apos;, yearBirth=&amp;apos;null&amp;apos;}, ContactData{firstName=&amp;apos;Natalia&amp;apos;, lastName=&amp;apos;Maslova&amp;apos;, address=&amp;apos;null&amp;apos;, mobilePhone=&amp;apos;+380509997755&amp;apos;, email=&amp;apos;maslova.nd@gmail.com&amp;apos;, dateBirth=&amp;apos;null&amp;apos;, monthBirth=&amp;apos;null&amp;apos;, yearBirth=&amp;apos;null&amp;apos;}, ContactData{firstName=&amp;apos;Natalia&amp;apos;, lastName=&amp;apos;Maslova&amp;apos;, address=&amp;apos;null&amp;apos;, mobilePhone=&amp;apos;+380509997755&amp;apos;, email=&amp;apos;maslova.nd@gmail.com&amp;apos;, dateBirth=&amp;apos;null&amp;apos;, monthBirth=&amp;apos;null&amp;apos;, yearBirth=&amp;apos;null&amp;apos;}, ContactData{firstName=&amp;apos;Natalia&amp;apos;, lastName=&amp;apos;Maslova&amp;apos;, address=&amp;apos;null&amp;apos;, mobilePhone=&amp;apos;+380509997755&amp;apos;, email=&amp;apos;maslova.nd@gmail.com&amp;apos;, dateBirth=&amp;apos;null&amp;apos;, monthBirth=&amp;apos;null&amp;apos;, yearBirth=&amp;apos;null&amp;apos;}, ContactData{firstName=&amp;apos;Natalia&amp;apos;, lastName=&amp;apos;Maslova&amp;apos;, address=&amp;apos;null&amp;apos;, mobilePhone=&amp;apos;+380509997755&amp;apos;, email=&amp;apos;maslova.nd@gmail.com&amp;apos;, dateBirth=&amp;apos;null&amp;apos;, monthBirth=&amp;apos;null&amp;apos;, yearBirth=&amp;apos;null&amp;apos;}, ContactData{firstName=&amp;apos;Natalia&amp;apos;, lastName=&amp;apos;Maslova&amp;apos;, address=&amp;apos;null&amp;apos;, mobilePhone=&amp;apos;+380509997755&amp;apos;, email=&amp;apos;maslova.nd@gmail.com&amp;apos;, dateBirth=&amp;apos;null&amp;apos;, monthBirth=&amp;apos;null&amp;apos;, yearBirth=&amp;apos;null&amp;apos;}, ContactData{firstName=&amp;apos;Natalia&amp;apos;, lastName=&amp;apos;Maslova&amp;apos;, address=&amp;apos;null&amp;apos;, mobilePhone=&amp;apos;+380509997755&amp;apos;, email=&amp;apos;maslova.nd@gmail.com&amp;apos;, dateBirth=&amp;apos;null&amp;apos;, monthBirth=&amp;apos;null&amp;apos;, yearBirth=&amp;apos;null&amp;apos;}, ContactData{firstName=&amp;apos;Natalia&amp;apos;, lastName=&amp;apos;Maslova&amp;apos;, address=&amp;apos;null&amp;apos;, mobilePhone=&amp;apos;+380509997755&amp;apos;, email=&amp;apos;maslova.nd@gmail.com&amp;apos;, dateBirth=&amp;apos;null&amp;apos;, monthBirth=&amp;apos;null&amp;apos;, yearBirth=&amp;apos;null&amp;apos;}, ContactData{firstName=&amp;apos;Natalia&amp;apos;, lastName=&amp;apos;Maslova&amp;apos;, address=&amp;apos;null&amp;apos;, mobilePhone=&amp;apos;+380509997755&amp;apos;, email=&amp;apos;maslova.nd@gmail.com&amp;apos;, dateBirth=&amp;apos;null&amp;apos;, monthBirth=&amp;apos;null&amp;apos;, yearBirth=&amp;apos;null&amp;apos;}, ContactData{firstName=&amp;apos;Natalia&amp;apos;, lastName=&amp;apos;Maslova&amp;apos;, address=&amp;apos;null&amp;apos;, mobilePhone=&amp;apos;+380509997755&amp;apos;, email=&amp;apos;maslova.nd@gmail.com&amp;apos;, dateBirth=&amp;apos;null&amp;apos;, monthBirth=&amp;apos;null&amp;apos;, yearBirth=&amp;apos;null&amp;apos;}, ContactData{firstName=&amp;apos;Natalia&amp;apos;, lastName=&amp;apos;Maslova&amp;apos;, address=&amp;apos;null&amp;apos;, mobilePhone=&amp;apos;+380509997755&amp;apos;, email=&amp;apos;maslova.nd@gmail.com&amp;apos;, dateBirth=&amp;apos;null&amp;apos;, monthBirth=&amp;apos;null&amp;apos;, yearBirth=&amp;apos;null&amp;apos;}, ContactData{firstName=&amp;apos;test454059419&amp;apos;, lastName=&amp;apos;test-1096294426&amp;apos;, address=&amp;apos;null&amp;apos;, mobilePhone=&amp;apos;test1012281554&amp;apos;, email=&amp;apos;test-2062372343&amp;apos;, dateBirth=&amp;apos;null&amp;apos;, monthBirth=&amp;apos;null&amp;apos;, yearBirth=&amp;apos;null&amp;apos;}, ContactData{firstName=&amp;apos;test1708673099&amp;apos;, lastName=&amp;apos;test-1125328751&amp;apos;, address=&amp;apos;null&amp;apos;, mobilePhone=&amp;apos;test322438628&amp;apos;, email=&amp;apos;&amp;apos;, dateBirth=&amp;apos;null&amp;apos;, monthBirth=&amp;apos;null&amp;apos;, yearBirth=&amp;apos;null&amp;apos;}, ContactData{firstName=&amp;apos;test1179622481&amp;apos;, lastName=&amp;apos;test-1791016192&amp;apos;, address=&amp;apos;null&amp;apos;, mobilePhone=&amp;apos;test-1178083587&amp;apos;, email=&amp;apos;test114564469&amp;apos;, dateBirth=&amp;apos;null&amp;apos;, monthBirth=&amp;apos;null&amp;apos;, yearBirth=&amp;apos;null&amp;apos;}, ContactData{firstName=&amp;apos;&amp;apos;, lastName=&amp;apos;test-2075038837&amp;apos;, address=&amp;apos;null&amp;apos;, mobilePhone=&amp;apos;&amp;apos;, email=&amp;apos;test-1492728480&amp;apos;, dateBirth=&amp;apos;null&amp;apos;, monthBirth=&amp;apos;null&amp;apos;, yearBirth=&amp;apos;null&amp;apos;}, ContactData{firstName=&amp;apos;test370196590&amp;apos;, lastName=&amp;apos;test-2087171033&amp;apos;, address=&amp;apos;null&amp;apos;, mobilePhone=&amp;apos;test1497145511&amp;apos;, email=&amp;apos;test-101151807&amp;apos;, dateBirth=&amp;apos;null&amp;apos;, monthBirth=&amp;apos;null&amp;apos;, yearBirth=&amp;apos;null&amp;apos;}, ContactData{firstName=&amp;apos;test1362450907&amp;apos;, lastName=&amp;apos;test-389265887&amp;apos;, address=&amp;apos;null&amp;apos;, mobilePhone=&amp;apos;&amp;apos;, email=&amp;apos;&amp;apos;, dateBirth=&amp;apos;null&amp;apos;, monthBirth=&amp;apos;null&amp;apos;, yearBirth=&amp;apos;null&amp;apos;}, ContactData{firstName=&amp;apos;&amp;apos;, lastName=&amp;apos;test-432300383&amp;apos;, address=&amp;apos;null&amp;apos;, mobilePhone=&amp;apos;test1153516621&amp;apos;, email=&amp;apos;test-1584964484&amp;apos;, dateBirth=&amp;apos;null&amp;apos;, monthBirth=&amp;apos;null&amp;apos;, yearBirth=&amp;apos;null&amp;apos;}, ContactData{firstName=&amp;apos;test-949960147&amp;apos;, lastName=&amp;apos;test-85964818&amp;apos;, address=&amp;apos;null&amp;apos;, mobilePhone=&amp;apos;test5724974&amp;apos;, email=&amp;apos;test-1206387800&amp;apos;, dateBirth=&amp;apos;null&amp;apos;, monthBirth=&amp;apos;null&amp;apos;, yearBirth=&amp;apos;null&amp;apos;}, ContactData{firstName=&amp;apos;test-949960147&amp;apos;, lastName=&amp;apos;test-85964818&amp;apos;, address=&amp;apos;null&amp;apos;, mobilePhone=&amp;apos;test5724974&amp;apos;, email=&amp;apos;test-1206387800&amp;apos;, dateBirth=&amp;apos;null&amp;apos;, monthBirth=&amp;apos;null&amp;apos;, yearBirth=&amp;apos;null&amp;apos;}, ContactData{firstName=&amp;apos;test-949960147&amp;apos;, lastName=&amp;apos;test-85964818&amp;apos;, address=&amp;apos;null&amp;apos;, mobilePhone=&amp;apos;test5724974&amp;apos;, email=&amp;apos;test-1206387800&amp;apos;, dateBirth=&amp;apos;null&amp;apos;, monthBirth=&amp;apos;null&amp;apos;, yearBirth=&amp;apos;null&amp;apos;}, ContactData{firstName=&amp;apos;test-949960147&amp;apos;, lastName=&amp;apos;test-85964818&amp;apos;, address=&amp;apos;null&amp;apos;, mobilePhone=&amp;apos;test5724974&amp;apos;, email=&amp;apos;test-1206387800&amp;apos;, dateBirth=&amp;apos;null&amp;apos;, monthBirth=&amp;apos;null&amp;apos;, yearBirth=&amp;apos;null&amp;apos;}, ContactData{firstName=&amp;apos;test-949960147&amp;apos;, lastName=&amp;apos;test-85964818&amp;apos;, address=&amp;apos;null&amp;apos;, mobilePhone=&amp;apos;test5724974&amp;apos;, email=&amp;apos;test-1206387800&amp;apos;, dateBirth=&amp;apos;null&amp;apos;, monthBirth=&amp;apos;null&amp;apos;, yearBirth=&amp;apos;null&amp;apos;}, ContactData{firstName=&amp;apos;test-363104790&amp;apos;, lastName=&amp;apos;test1150687125&amp;apos;, address=&amp;apos;null&amp;apos;, mobilePhone=&amp;apos;test812527360&amp;apos;, email=&amp;apos;test-1993302949&amp;apos;, dateBirth=&amp;apos;null&amp;apos;, monthBirth=&amp;apos;null&amp;apos;, yearBirth=&amp;apos;null&amp;apos;}, ContactData{firstName=&amp;apos;test-363104790&amp;apos;, lastName=&amp;apos;test1150687125&amp;apos;, address=&amp;apos;null&amp;apos;, mobilePhone=&amp;apos;test812527360&amp;apos;, email=&amp;apos;test-1993302949&amp;apos;, dateBirth=&amp;apos;null&amp;apos;, monthBirth=&amp;apos;null&amp;apos;, yearBirth=&amp;apos;null&amp;apos;}, ContactData{firstName=&amp;apos;test-363104790&amp;apos;, lastName=&amp;apos;test1150687125&amp;apos;, address=&amp;apos;null&amp;apos;, mobilePhone=&amp;apos;test812527360&amp;apos;, email=&amp;apos;test-1993302949&amp;apos;, dateBirth=&amp;apos;null&amp;apos;, monthBirth=&amp;apos;null&amp;apos;, yearBirth=&amp;apos;null&amp;apos;}, ContactData{firstName=&amp;apos;test-363104790&amp;apos;, lastName=&amp;apos;test1150687125&amp;apos;, address=&amp;apos;null&amp;apos;, mobilePhone=&amp;apos;test812527360&amp;apos;, email=&amp;apos;test-1993302949&amp;apos;, dateBirth=&amp;apos;null&amp;apos;, monthBirth=&amp;apos;null&amp;apos;, yearBirth=&amp;apos;null&amp;apos;}, ContactData{firstName=&amp;apos;test-363104790&amp;apos;, lastName=&amp;apos;test1150687125&amp;apos;, address=&amp;apos;null&amp;apos;, mobilePhone=&amp;apos;test812527360&amp;apos;, email=&amp;apos;test-1993302949&amp;apos;, dateBirth=&amp;apos;null&amp;apos;, monthBirth=&amp;apos;null&amp;apos;, yearBirth=&amp;apos;null&amp;apos;}, ContactData{firstName=&amp;apos;test-363104790&amp;apos;, lastName=&amp;apos;test1150687125&amp;apos;, address=&amp;apos;null&amp;apos;, mobilePhone=&amp;apos;test812527360&amp;apos;, email=&amp;apos;test-1993302949&amp;apos;, dateBirth=&amp;apos;null&amp;apos;, monthBirth=&amp;apos;null&amp;apos;, yearBirth=&amp;apos;null&amp;apos;}, ContactData{firstName=&amp;apos;test-363104790&amp;apos;, lastName=&amp;apos;test1150687125&amp;apos;, address=&amp;apos;null&amp;apos;, mobilePhone=&amp;apos;test812527360&amp;apos;, email=&amp;apos;test-1993302949&amp;apos;, dateBirth=&amp;apos;null&amp;apos;, monthBirth=&amp;apos;null&amp;apos;, yearBirth=&amp;apos;null&amp;apos;}, ContactData{firstName=&amp;apos;test-363104790&amp;apos;, lastName=&amp;apos;test1150687125&amp;apos;, address=&amp;apos;null&amp;apos;, mobilePhone=&amp;apos;test812527360&amp;apos;, email=&amp;apos;test-1993302949&amp;apos;, dateBirth=&amp;apos;null&amp;apos;, monthBirth=&amp;apos;null&amp;apos;, yearBirth=&amp;apos;null&amp;apos;}, ContactData{firstName=&amp;apos;test-363104790&amp;apos;, lastName=&amp;apos;test1150687125&amp;apos;, address=&amp;apos;null&amp;apos;, mobilePhone=&amp;apos;test812527360&amp;apos;, email=&amp;apos;test-1993302949&amp;apos;, dateBirth=&amp;apos;null&amp;apos;, monthBirth=&amp;apos;null&amp;apos;, yearBirth=&amp;apos;null&amp;apos;}, ContactData{firstName=&amp;apos;&amp;apos;, lastName=&amp;apos;test124523223&amp;apos;, address=&amp;apos;null&amp;apos;, mobilePhone=&amp;apos;test818947573&amp;apos;, email=&amp;apos;test-1699396857&amp;apos;, dateBirth=&amp;apos;null&amp;apos;, monthBirth=&amp;apos;null&amp;apos;, yearBirth=&amp;apos;null&amp;apos;}, ContactData{firstName=&amp;apos;&amp;apos;, lastName=&amp;apos;test143757501&amp;apos;, address=&amp;apos;null&amp;apos;, mobilePhone=&amp;apos;test-159889063&amp;apos;, email=&amp;apos;&amp;apos;, dateBirth=&amp;apos;null&amp;apos;, monthBirth=&amp;apos;null&amp;apos;, yearBirth=&amp;apos;null&amp;apos;}, ContactData{firstName=&amp;apos;&amp;apos;, lastName=&amp;apos;test143757501&amp;apos;, address=&amp;apos;null&amp;apos;, mobilePhone=&amp;apos;test-159889063&amp;apos;, email=&amp;apos;&amp;apos;, dateBirth=&amp;apos;null&amp;apos;, monthBirth=&amp;apos;null&amp;apos;, yearBirth=&amp;apos;null&amp;apos;}, ContactData{firstName=&amp;apos;&amp;apos;, lastName=&amp;apos;test143757501&amp;apos;, address=&amp;apos;null&amp;apos;, mobilePhone=&amp;apos;test-159889063&amp;apos;, email=&amp;apos;&amp;apos;, dateBirth=&amp;apos;null&amp;apos;, monthBirth=&amp;apos;null&amp;apos;, yearBirth=&amp;apos;null&amp;apos;}, ContactData{firstName=&amp;apos;&amp;apos;, lastName=&amp;apos;test143757501&amp;apos;, address=&amp;apos;null&amp;apos;, mobilePhone=&amp;apos;test-159889063&amp;apos;, email=&amp;apos;&amp;apos;, dateBirth=&amp;apos;null&amp;apos;, monthBirth=&amp;apos;null&amp;apos;, yearBirth=&amp;apos;null&amp;apos;}, ContactData{firstName=&amp;apos;&amp;apos;, lastName=&amp;apos;test143757501&amp;apos;, address=&amp;apos;null&amp;apos;, mobilePhone=&amp;apos;test-159889063&amp;apos;, email=&amp;apos;&amp;apos;, dateBirth=&amp;apos;null&amp;apos;, monthBirth=&amp;apos;null&amp;apos;, yearBirth=&amp;apos;null&amp;apos;}, ContactData{firstName=&amp;apos;&amp;apos;, lastName=&amp;apos;test143757501&amp;apos;, address=&amp;apos;null&amp;apos;, mobilePhone=&amp;apos;test-159889063&amp;apos;, email=&amp;apos;&amp;apos;, dateBirth=&amp;apos;null&amp;apos;, monthBirth=&amp;apos;null&amp;apos;, yearBirth=&amp;apos;null&amp;apos;}, ContactData{firstName=&amp;apos;&amp;apos;, lastName=&amp;apos;test143757501&amp;apos;, address=&amp;apos;null&amp;apos;, mobilePhone=&amp;apos;test-159889063&amp;apos;, email=&amp;apos;&amp;apos;, dateBirth=&amp;apos;null&amp;apos;, monthBirth=&amp;apos;null&amp;apos;, yearBirth=&amp;apos;null&amp;apos;}, ContactData{firstName=&amp;apos;&amp;apos;, lastName=&amp;apos;test143757501&amp;apos;, address=&amp;apos;null&amp;apos;, mobilePhone=&amp;apos;test-159889063&amp;apos;, email=&amp;apos;&amp;apos;, dateBirth=&amp;apos;null&amp;apos;, monthBirth=&amp;apos;null&amp;apos;, yearBirth=&amp;apos;null&amp;apos;}, ContactData{firstName=&amp;apos;&amp;apos;, lastName=&amp;apos;test143757501&amp;apos;, address=&amp;apos;null&amp;apos;, mobilePhone=&amp;apos;test-159889063&amp;apos;, email=&amp;apos;&amp;apos;, dateBirth=&amp;apos;null&amp;apos;, monthBirth=&amp;apos;null&amp;apos;, yearBirth=&amp;apos;null&amp;apos;}, ContactData{firstName=&amp;apos;&amp;apos;, lastName=&amp;apos;test143757501&amp;apos;, address=&amp;apos;null&amp;apos;, mobilePhone=&amp;apos;test-159889063&amp;apos;, email=&amp;apos;&amp;apos;, dateBirth=&amp;apos;null&amp;apos;, monthBirth=&amp;apos;null&amp;apos;, yearBirth=&amp;apos;null&amp;apos;}, ContactData{firstName=&amp;apos;&amp;apos;, lastName=&amp;apos;test143757501&amp;apos;, address=&amp;apos;null&amp;apos;, mobilePhone=&amp;apos;test-159889063&amp;apos;, email=&amp;apos;&amp;apos;, dateBirth=&amp;apos;null&amp;apos;, monthBirth=&amp;apos;null&amp;apos;, yearBirth=&amp;apos;null&amp;apos;}, ContactData{firstName=&amp;apos;&amp;apos;, lastName=&amp;apos;test143757501&amp;apos;, address=&amp;apos;test2107331409&amp;apos;, mobilePhone=&amp;apos;test-159889063&amp;apos;, email=&amp;apos;&amp;apos;, dateBirth=&amp;apos;2&amp;apos;, monthBirth=&amp;apos;April&amp;apos;, yearBirth=&amp;apos;1453&amp;apos;}, ContactData{firstName=&amp;apos;test-1698965700&amp;apos;, lastName=&amp;apos;test1813333897&amp;apos;, address=&amp;apos;null&amp;apos;, mobilePhone=&amp;apos;test-1718627751&amp;apos;, email=&amp;apos;&amp;apos;, dateBirth=&amp;apos;null&amp;apos;, monthBirth=&amp;apos;null&amp;apos;, yearBirth=&amp;apos;null&amp;apos;}, ContactData{firstName=&amp;apos;test-1698965700&amp;apos;, lastName=&amp;apos;test1813333897&amp;apos;, address=&amp;apos;null&amp;apos;, mobilePhone=&amp;apos;test-1718627751&amp;apos;, email=&amp;apos;&amp;apos;, dateBirth=&amp;apos;null&amp;apos;, monthBirth=&amp;apos;null&amp;apos;, yearBirth=&amp;apos;null&amp;apos;}, ContactData{firstName=&amp;apos;test-1698965700&amp;apos;, lastName=&amp;apos;test1813333897&amp;apos;, address=&amp;apos;null&amp;apos;, mobilePhone=&amp;apos;test-1718627751&amp;apos;, email=&amp;apos;&amp;apos;, dateBirth=&amp;apos;null&amp;apos;, monthBirth=&amp;apos;null&amp;apos;, yearBirth=&amp;apos;null&amp;apos;}, ContactData{firstName=&amp;apos;test-1698965700&amp;apos;, lastName=&amp;apos;test1813333897&amp;apos;, address=&amp;apos;null&amp;apos;, mobilePhone=&amp;apos;test-1718627751&amp;apos;, email=&amp;apos;&amp;apos;, dateBirth=&amp;apos;null&amp;apos;, monthBirth=&amp;apos;null&amp;apos;, yearBirth=&amp;apos;null&amp;apos;}, ContactData{firstName=&amp;apos;test-1698965700&amp;apos;, lastName=&amp;apos;test1813333897&amp;apos;, address=&amp;apos;null&amp;apos;, mobilePhone=&amp;apos;test-1718627751&amp;apos;, email=&amp;apos;&amp;apos;, dateBirth=&amp;apos;null&amp;apos;, monthBirth=&amp;apos;null&amp;apos;, yearBirth=&amp;apos;null&amp;apos;}, ContactData{firstName=&amp;apos;test-1421557881&amp;apos;, lastName=&amp;apos;test1912168969&amp;apos;, address=&amp;apos;null&amp;apos;, mobilePhone=&amp;apos;&amp;apos;, email=&amp;apos;test-553664109&amp;apos;, dateBirth=&amp;apos;null&amp;apos;, monthBirth=&amp;apos;null&amp;apos;, yearBirth=&amp;apos;null&amp;apos;}, ContactData{firstName=&amp;apos;test-2073125732&amp;apos;, lastName=&amp;apos;test198581471&amp;apos;, address=&amp;apos;null&amp;apos;, mobilePhone=&amp;apos;&amp;apos;, email=&amp;apos;&amp;apos;, dateBirth=&amp;apos;null&amp;apos;, monthBirth=&amp;apos;null&amp;apos;, yearBirth=&amp;apos;null&amp;apos;}, ContactData{firstName=&amp;apos;test-2073125732&amp;apos;, lastName=&amp;apos;test198581471&amp;apos;, address=&amp;apos;null&amp;apos;, mobilePhone=&amp;apos;&amp;apos;, email=&amp;apos;&amp;apos;, dateBirth=&amp;apos;null&amp;apos;, monthBirth=&amp;apos;null&amp;apos;, yearBirth=&amp;apos;null&amp;apos;}, ContactData{firstName=&amp;apos;test-2073125732&amp;apos;, lastName=&amp;apos;test198581471&amp;apos;, address=&amp;apos;null&amp;apos;, mobilePhone=&amp;apos;&amp;apos;, email=&amp;apos;&amp;apos;, dateBirth=&amp;apos;null&amp;apos;, monthBirth=&amp;apos;null&amp;apos;, yearBirth=&amp;apos;null&amp;apos;}, ContactData{firstName=&amp;apos;test-2073125732&amp;apos;, lastName=&amp;apos;test198581471&amp;apos;, address=&amp;apos;null&amp;apos;, mobilePhone=&amp;apos;&amp;apos;, email=&amp;apos;&amp;apos;, dateBirth=&amp;apos;null&amp;apos;, monthBirth=&amp;apos;null&amp;apos;, yearBirth=&amp;apos;null&amp;apos;}, ContactData{firstName=&amp;apos;test-2073125732&amp;apos;, lastName=&amp;apos;test198581471&amp;apos;, address=&amp;apos;null&amp;apos;, mobilePhone=&amp;apos;&amp;apos;, email=&amp;apos;&amp;apos;, dateBirth=&amp;apos;null&amp;apos;, monthBirth=&amp;apos;null&amp;apos;, yearBirth=&amp;apos;null&amp;apos;}, ContactData{firstName=&amp;apos;test-2073125732&amp;apos;, lastName=&amp;apos;test198581471&amp;apos;, address=&amp;apos;null&amp;apos;, mobilePhone=&amp;apos;&amp;apos;, email=&amp;apos;&amp;apos;, dateBirth=&amp;apos;null&amp;apos;, monthBirth=&amp;apos;null&amp;apos;, yearBirth=&amp;apos;null&amp;apos;}, ContactData{firstName=&amp;apos;test-1035740089&amp;apos;, lastName=&amp;apos;test2101242929&amp;apos;, address=&amp;apos;null&amp;apos;, mobilePhone=&amp;apos;test539178050&amp;apos;, email=&amp;apos;&amp;apos;, dateBirth=&amp;apos;null&amp;apos;, monthBirth=&amp;apos;null&amp;apos;, yearBirth=&amp;apos;null&amp;apos;}, ContactData{firstName=&amp;apos;test572033207&amp;apos;, lastName=&amp;apos;test369181521&amp;apos;, address=&amp;apos;null&amp;apos;, mobilePhone=&amp;apos;test-294194410&amp;apos;, email=&amp;apos;test-1956175168&amp;apos;, dateBirth=&amp;apos;null&amp;apos;, monthBirth=&amp;apos;null&amp;apos;, yearBirth=&amp;apos;null&amp;apos;}, ContactData{firstName=&amp;apos;&amp;apos;, lastName=&amp;apos;test440232425&amp;apos;, address=&amp;apos;null&amp;apos;, mobilePhone=&amp;apos;test7458516&amp;apos;, email=&amp;apos;test741651782&amp;apos;, dateBirth=&amp;apos;null&amp;apos;, monthBirth=&amp;apos;null&amp;apos;, yearBirth=&amp;apos;null&amp;apos;}, ContactData{firstName=&amp;apos;test-234922828&amp;apos;, lastName=&amp;apos;test595372570&amp;apos;, address=&amp;apos;null&amp;apos;, mobilePhone=&amp;apos;test2114689914&amp;apos;, email=&amp;apos;test1460496132&amp;apos;, dateBirth=&amp;apos;null&amp;apos;, monthBirth=&amp;apos;null&amp;apos;, yearBirth=&amp;apos;null&amp;apos;}, ContactData{firstName=&amp;apos;test1845226584&amp;apos;, lastName=&amp;apos;test663534883&amp;apos;, address=&amp;apos;null&amp;apos;, mobilePhone=&amp;apos;test-1922647136&amp;apos;, email=&amp;apos;test-1590810812&amp;apos;, dateBirth=&amp;apos;null&amp;apos;, monthBirth=&amp;apos;null&amp;apos;, yearBirth=&amp;apos;null&amp;apos;}, ContactData{firstName=&amp;apos;test1845226584&amp;apos;, lastName=&amp;apos;test663534883&amp;apos;, address=&amp;apos;null&amp;apos;, mobilePhone=&amp;apos;test-1922647136&amp;apos;, email=&amp;apos;test-1590810812&amp;apos;, dateBirth=&amp;apos;null&amp;apos;, monthBirth=&amp;apos;null&amp;apos;, yearBirth=&amp;apos;null&amp;apos;}, ContactData{firstName=&amp;apos;test1845226584&amp;apos;, lastName=&amp;apos;test663534883&amp;apos;, address=&amp;apos;null&amp;apos;, mobilePhone=&amp;apos;test-1922647136&amp;apos;, email=&amp;apos;test-1590810812&amp;apos;, dateBirth=&amp;apos;null&amp;apos;, monthBirth=&amp;apos;null&amp;apos;, yearBirth=&amp;apos;null&amp;apos;}, ContactData{firstName=&amp;apos;test1845226584&amp;apos;, lastName=&amp;apos;test663534883&amp;apos;, address=&amp;apos;null&amp;apos;, mobilePhone=&amp;apos;test-1922647136&amp;apos;, email=&amp;apos;test-1590810812&amp;apos;, dateBirth=&amp;apos;null&amp;apos;, monthBirth=&amp;apos;null&amp;apos;, yearBirth=&amp;apos;null&amp;apos;}, ContactData{firstName=&amp;apos;test1845226584&amp;apos;, lastName=&amp;apos;test663534883&amp;apos;, address=&amp;apos;null&amp;apos;, mobilePhone=&amp;apos;test-1922647136&amp;apos;, email=&amp;apos;test-1590810812&amp;apos;, dateBirth=&amp;apos;null&amp;apos;, monthBirth=&amp;apos;null&amp;apos;, yearBirth=&amp;apos;null&amp;apos;}, ContactData{firstName=&amp;apos;&amp;apos;, lastName=&amp;apos;test842922543&amp;apos;, address=&amp;apos;null&amp;apos;, mobilePhone=&amp;apos;&amp;apos;, email=&amp;apos;&amp;apos;, dateBirth=&amp;apos;null&amp;apos;, monthBirth=&amp;apos;null&amp;apos;, yearBirth=&amp;apos;null&amp;apos;}, ContactData{firstName=&amp;apos;&amp;apos;, lastName=&amp;apos;tortilla&amp;apos;, address=&amp;apos;null&amp;apos;, mobilePhone=&amp;apos;&amp;apos;, email=&amp;apos;&amp;apos;, dateBirth=&amp;apos;null&amp;apos;, monthBirth=&amp;apos;null&amp;apos;, yearBirth=&amp;apos;null&amp;apos;}]&amp;gt;
     but: was &amp;lt;[ContactData{firstName=&amp;apos;&amp;apos;, lastName=&amp;apos;&amp;apos;, address=&amp;apos;null&amp;apos;, mobilePhone=&amp;apos;test-836734843&amp;apos;, email=&amp;apos;test-585035083&amp;apos;, dateBirth=&amp;apos;null&amp;apos;, monthBirth=&amp;apos;null&amp;apos;, yearBirth=&amp;apos;null&amp;apos;}, ContactData{firstName=&amp;apos;&amp;apos;, lastName=&amp;apos;&amp;apos;, address=&amp;apos;null&amp;apos;, mobilePhone=&amp;apos;test1045042430&amp;apos;, email=&amp;apos;&amp;apos;, dateBirth=&amp;apos;null&amp;apos;, monthBirth=&amp;apos;null&amp;apos;, yearBirth=&amp;apos;null&amp;apos;}, ContactData{firstName=&amp;apos;&amp;apos;, lastName=&amp;apos;&amp;apos;, address=&amp;apos;null&amp;apos;, mobilePhone=&amp;apos;&amp;apos;, email=&amp;apos;test549481470&amp;apos;, dateBirth=&amp;apos;null&amp;apos;, monthBirth=&amp;apos;null&amp;apos;, yearBirth=&amp;apos;null&amp;apos;}, ContactData{firstName=&amp;apos;&amp;apos;, lastName=&amp;apos;&amp;apos;, address=&amp;apos;null&amp;apos;, mobilePhone=&amp;apos;&amp;apos;, email=&amp;apos;test549481470&amp;apos;, dateBirth=&amp;apos;null&amp;apos;, monthBirth=&amp;apos;null&amp;apos;, yearBirth=&amp;apos;null&amp;apos;}, ContactData{firstName=&amp;apos;&amp;apos;, lastName=&amp;apos;&amp;apos;, address=&amp;apos;null&amp;apos;, mobilePhone=&amp;apos;&amp;apos;, email=&amp;apos;test549481470&amp;apos;, dateBirth=&amp;apos;null&amp;apos;, monthBirth=&amp;apos;null&amp;apos;, yearBirth=&amp;apos;null&amp;apos;}, ContactData{firstName=&amp;apos;&amp;apos;, lastName=&amp;apos;&amp;apos;, address=&amp;apos;null&amp;apos;, mobilePhone=&amp;apos;&amp;apos;, email=&amp;apos;test549481470&amp;apos;, dateBirth=&amp;apos;null&amp;apos;, monthBirth=&amp;apos;null&amp;apos;, yearBirth=&amp;apos;null&amp;apos;}, ContactData{firstName=&amp;apos;&amp;apos;, lastName=&amp;apos;&amp;apos;, address=&amp;apos;null&amp;apos;, mobilePhone=&amp;apos;&amp;apos;, email=&amp;apos;test549481470&amp;apos;, dateBirth=&amp;apos;null&amp;apos;, monthBirth=&amp;apos;null&amp;apos;, yearBirth=&amp;apos;null&amp;apos;}, ContactData{firstName=&amp;apos;&amp;apos;, lastName=&amp;apos;&amp;apos;, address=&amp;apos;null&amp;apos;, mobilePhone=&amp;apos;&amp;apos;, email=&amp;apos;test549481470&amp;apos;, dateBirth=&amp;apos;null&amp;apos;, monthBirth=&amp;apos;null&amp;apos;, yearBirth=&amp;apos;null&amp;apos;}, ContactData{firstName=&amp;apos;test-1386885785&amp;apos;, lastName=&amp;apos;&amp;apos;, address=&amp;apos;null&amp;apos;, mobilePhone=&amp;apos;test1643335752&amp;apos;, email=&amp;apos;&amp;apos;, dateBirth=&amp;apos;null&amp;apos;, monthBirth=&amp;apos;null&amp;apos;, yearBirth=&amp;apos;null&amp;apos;}, ContactData{firstName=&amp;apos;test-1386885785&amp;apos;, lastName=&amp;apos;&amp;apos;, address=&amp;apos;null&amp;apos;, mobilePhone=&amp;apos;test1643335752&amp;apos;, email=&amp;apos;&amp;apos;, dateBirth=&amp;apos;null&amp;apos;, monthBirth=&amp;apos;null&amp;apos;, yearBirth=&amp;apos;null&amp;apos;}, ContactData{firstName=&amp;apos;test-1386885785&amp;apos;, lastName=&amp;apos;&amp;apos;, address=&amp;apos;null&amp;apos;, mobilePhone=&amp;apos;test1643335752&amp;apos;, email=&amp;apos;&amp;apos;, dateBirth=&amp;apos;null&amp;apos;, monthBirth=&amp;apos;null&amp;apos;, yearBirth=&amp;apos;null&amp;apos;}, ContactData{firstName=&amp;apos;test-1386885785&amp;apos;, lastName=&amp;apos;&amp;apos;, address=&amp;apos;null&amp;apos;, mobilePhone=&amp;apos;test1643335752&amp;apos;, email=&amp;apos;&amp;apos;, dateBirth=&amp;apos;null&amp;apos;, monthBirth=&amp;apos;null&amp;apos;, yearBirth=&amp;apos;null&amp;apos;}, ContactData{firstName=&amp;apos;test-1386885785&amp;apos;, lastName=&amp;apos;&amp;apos;, address=&amp;apos;null&amp;apos;, mobilePhone=&amp;apos;test1643335752&amp;apos;, email=&amp;apos;&amp;apos;, dateBirth=&amp;apos;null&amp;apos;, monthBirth=&amp;apos;null&amp;apos;, yearBirth=&amp;apos;null&amp;apos;}, ContactData{firstName=&amp;apos;test-1551204706&amp;apos;, lastName=&amp;apos;&amp;apos;, address=&amp;apos;null&amp;apos;, mobilePhone=&amp;apos;test1073971578&amp;apos;, email=&amp;apos;&amp;apos;, dateBirth=&amp;apos;null&amp;apos;, monthBirth=&amp;apos;null&amp;apos;, yearBirth=&amp;apos;null&amp;apos;}, ContactData{firstName=&amp;apos;test-1767641318&amp;apos;, lastName=&amp;apos;&amp;apos;, address=&amp;apos;null&amp;apos;, mobilePhone=&amp;apos;test935255826&amp;apos;, email=&amp;apos;&amp;apos;, dateBirth=&amp;apos;null&amp;apos;, monthBirth=&amp;apos;null&amp;apos;, yearBirth=&amp;apos;null&amp;apos;}, ContactData{firstName=&amp;apos;test-1767641318&amp;apos;, lastName=&amp;apos;&amp;apos;, address=&amp;apos;null&amp;apos;, mobilePhone=&amp;apos;test935255826&amp;apos;, email=&amp;apos;&amp;apos;, dateBirth=&amp;apos;null&amp;apos;, monthBirth=&amp;apos;null&amp;apos;, yearBirth=&amp;apos;null&amp;apos;}, ContactData{firstName=&amp;apos;test-1767641318&amp;apos;, lastName=&amp;apos;&amp;apos;, address=&amp;apos;null&amp;apos;, mobilePhone=&amp;apos;test935255826&amp;apos;, email=&amp;apos;&amp;apos;, dateBirth=&amp;apos;null&amp;apos;, monthBirth=&amp;apos;null&amp;apos;, yearBirth=&amp;apos;null&amp;apos;}, ContactData{firstName=&amp;apos;test-1767641318&amp;apos;, lastName=&amp;apos;&amp;apos;, address=&amp;apos;null&amp;apos;, mobilePhone=&amp;apos;test935255826&amp;apos;, email=&amp;apos;&amp;apos;, dateBirth=&amp;apos;null&amp;apos;, monthBirth=&amp;apos;null&amp;apos;, yearBirth=&amp;apos;null&amp;apos;}, ContactData{firstName=&amp;apos;test-1767641318&amp;apos;, lastName=&amp;apos;&amp;apos;, address=&amp;apos;null&amp;apos;, mobilePhone=&amp;apos;test935255826&amp;apos;, email=&amp;apos;&amp;apos;, dateBirth=&amp;apos;null&amp;apos;, monthBirth=&amp;apos;null&amp;apos;, yearBirth=&amp;apos;null&amp;apos;}, ContactData{firstName=&amp;apos;test-1767641318&amp;apos;, lastName=&amp;apos;&amp;apos;, address=&amp;apos;null&amp;apos;, mobilePhone=&amp;apos;test935255826&amp;apos;, email=&amp;apos;&amp;apos;, dateBirth=&amp;apos;null&amp;apos;, monthBirth=&amp;apos;null&amp;apos;, yearBirth=&amp;apos;null&amp;apos;}, ContactData{firstName=&amp;apos;test-2028308566&amp;apos;, lastName=&amp;apos;&amp;apos;, address=&amp;apos;null&amp;apos;, mobilePhone=&amp;apos;&amp;apos;, email=&amp;apos;test-447692937&amp;apos;, dateBirth=&amp;apos;null&amp;apos;, monthBirth=&amp;apos;null&amp;apos;, yearBirth=&amp;apos;null&amp;apos;}, ContactData{firstName=&amp;apos;test1071625&amp;apos;, lastName=&amp;apos;&amp;apos;, address=&amp;apos;null&amp;apos;, mobilePhone=&amp;apos;test350565088&amp;apos;, email=&amp;apos;test-799210202&amp;apos;, dateBirth=&amp;apos;null&amp;apos;, monthBirth=&amp;apos;null&amp;apos;, yearBirth=&amp;apos;null&amp;apos;}, ContactData{firstName=&amp;apos;test1848553755&amp;apos;, lastName=&amp;apos;&amp;apos;, address=&amp;apos;null&amp;apos;, mobilePhone=&amp;apos;&amp;apos;, email=&amp;apos;test-603747668&amp;apos;, dateBirth=&amp;apos;null&amp;apos;, monthBirth=&amp;apos;null&amp;apos;, yearBirth=&amp;apos;null&amp;apos;}, ContactData{firstName=&amp;apos;test1848553755&amp;apos;, lastName=&amp;apos;&amp;apos;, address=&amp;apos;null&amp;apos;, mobilePhone=&amp;apos;&amp;apos;, email=&amp;apos;test-603747668&amp;apos;, dateBirth=&amp;apos;null&amp;apos;, monthBirth=&amp;apos;null&amp;apos;, yearBirth=&amp;apos;null&amp;apos;}, ContactData{firstName=&amp;apos;test1848553755&amp;apos;, lastName=&amp;apos;&amp;apos;, address=&amp;apos;null&amp;apos;, mobilePhone=&amp;apos;&amp;apos;, email=&amp;apos;test-603747668&amp;apos;, dateBirth=&amp;apos;null&amp;apos;, monthBirth=&amp;apos;null&amp;apos;, yearBirth=&amp;apos;null&amp;apos;}, ContactData{firstName=&amp;apos;test1848553755&amp;apos;, lastName=&amp;apos;&amp;apos;, address=&amp;apos;null&amp;apos;, mobilePhone=&amp;apos;&amp;apos;, email=&amp;apos;test-603747668&amp;apos;, dateBirth=&amp;apos;null&amp;apos;, monthBirth=&amp;apos;null&amp;apos;, yearBirth=&amp;apos;null&amp;apos;}, ContactData{firstName=&amp;apos;test1848553755&amp;apos;, lastName=&amp;apos;&amp;apos;, address=&amp;apos;null&amp;apos;, mobilePhone=&amp;apos;&amp;apos;, email=&amp;apos;test-603747668&amp;apos;, dateBirth=&amp;apos;null&amp;apos;, monthBirth=&amp;apos;null&amp;apos;, yearBirth=&amp;apos;null&amp;apos;}, ContactData{firstName=&amp;apos;Natalia&amp;apos;, lastName=&amp;apos;Maslova&amp;apos;, address=&amp;apos;null&amp;apos;, mobilePhone=&amp;apos;+380509997755&amp;apos;, email=&amp;apos;maslova.nd@gmail.com&amp;apos;, dateBirth=&amp;apos;null&amp;apos;, monthBirth=&amp;apos;null&amp;apos;, yearBirth=&amp;apos;null&amp;apos;}, ContactData{firstName=&amp;apos;Natalia&amp;apos;, lastName=&amp;apos;Maslova&amp;apos;, address=&amp;apos;null&amp;apos;, mobilePhone=&amp;apos;+380509997755&amp;apos;, email=&amp;apos;maslova.nd@gmail.com&amp;apos;, dateBirth=&amp;apos;null&amp;apos;, monthBirth=&amp;apos;null&amp;apos;, yearBirth=&amp;apos;null&amp;apos;}, ContactData{firstName=&amp;apos;Natalia&amp;apos;, lastName=&amp;apos;Maslova&amp;apos;, address=&amp;apos;null&amp;apos;, mobilePhone=&amp;apos;+380509997755&amp;apos;, email=&amp;apos;maslova.nd@gmail.com&amp;apos;, dateBirth=&amp;apos;null&amp;apos;, monthBirth=&amp;apos;null&amp;apos;, yearBirth=&amp;apos;null&amp;apos;}, ContactData{firstName=&amp;apos;Natalia&amp;apos;, lastName=&amp;apos;Maslova&amp;apos;, address=&amp;apos;null&amp;apos;, mobilePhone=&amp;apos;+380509997755&amp;apos;, email=&amp;apos;maslova.nd@gmail.com&amp;apos;, dateBirth=&amp;apos;null&amp;apos;, monthBirth=&amp;apos;null&amp;apos;, yearBirth=&amp;apos;null&amp;apos;}, ContactData{firstName=&amp;apos;Natalia&amp;apos;, lastName=&amp;apos;Maslova&amp;apos;, address=&amp;apos;null&amp;apos;, mobilePhone=&amp;apos;+380509997755&amp;apos;, email=&amp;apos;maslova.nd@gmail.com&amp;apos;, dateBirth=&amp;apos;null&amp;apos;, monthBirth=&amp;apos;null&amp;apos;, yearBirth=&amp;apos;null&amp;apos;}, ContactData{firstName=&amp;apos;Natalia&amp;apos;, lastName=&amp;apos;Maslova&amp;apos;, address=&amp;apos;null&amp;apos;, mobilePhone=&amp;apos;+380509997755&amp;apos;, email=&amp;apos;maslova.nd@gmail.com&amp;apos;, dateBirth=&amp;apos;null&amp;apos;, monthBirth=&amp;apos;null&amp;apos;, yearBirth=&amp;apos;null&amp;apos;}, ContactData{firstName=&amp;apos;Natalia&amp;apos;, lastName=&amp;apos;Maslova&amp;apos;, address=&amp;apos;null&amp;apos;, mobilePhone=&amp;apos;+380509997755&amp;apos;, email=&amp;apos;maslova.nd@gmail.com&amp;apos;, dateBirth=&amp;apos;null&amp;apos;, monthBirth=&amp;apos;null&amp;apos;, yearBirth=&amp;apos;null&amp;apos;}, ContactData{firstName=&amp;apos;Natalia&amp;apos;, lastName=&amp;apos;Maslova&amp;apos;, address=&amp;apos;null&amp;apos;, mobilePhone=&amp;apos;+380509997755&amp;apos;, email=&amp;apos;maslova.nd@gmail.com&amp;apos;, dateBirth=&amp;apos;null&amp;apos;, monthBirth=&amp;apos;null&amp;apos;, yearBirth=&amp;apos;null&amp;apos;}, ContactData{firstName=&amp;apos;Natalia&amp;apos;, lastName=&amp;apos;Maslova&amp;apos;, address=&amp;apos;null&amp;apos;, mobilePhone=&amp;apos;+380509997755&amp;apos;, email=&amp;apos;maslova.nd@gmail.com&amp;apos;, dateBirth=&amp;apos;null&amp;apos;, monthBirth=&amp;apos;null&amp;apos;, yearBirth=&amp;apos;null&amp;apos;}, ContactData{firstName=&amp;apos;Natalia&amp;apos;, lastName=&amp;apos;Maslova&amp;apos;, address=&amp;apos;null&amp;apos;, mobilePhone=&amp;apos;+380509997755&amp;apos;, email=&amp;apos;maslova.nd@gmail.com&amp;apos;, dateBirth=&amp;apos;null&amp;apos;, monthBirth=&amp;apos;null&amp;apos;, yearBirth=&amp;apos;null&amp;apos;}, ContactData{firstName=&amp;apos;Natalia&amp;apos;, lastName=&amp;apos;Maslova&amp;apos;, address=&amp;apos;null&amp;apos;, mobilePhone=&amp;apos;+380509997755&amp;apos;, email=&amp;apos;maslova.nd@gmail.com&amp;apos;, dateBirth=&amp;apos;null&amp;apos;, monthBirth=&amp;apos;null&amp;apos;, yearBirth=&amp;apos;null&amp;apos;}, ContactData{firstName=&amp;apos;test454059419&amp;apos;, lastName=&amp;apos;test-1096294426&amp;apos;, address=&amp;apos;null&amp;apos;, mobilePhone=&amp;apos;test1012281554&amp;apos;, email=&amp;apos;test-2062372343&amp;apos;, dateBirth=&amp;apos;null&amp;apos;, monthBirth=&amp;apos;null&amp;apos;, yearBirth=&amp;apos;null&amp;apos;}, ContactData{firstName=&amp;apos;test1708673099&amp;apos;, lastName=&amp;apos;test-1125328751&amp;apos;, address=&amp;apos;null&amp;apos;, mobilePhone=&amp;apos;test322438628&amp;apos;, email=&amp;apos;&amp;apos;, dateBirth=&amp;apos;null&amp;apos;, monthBirth=&amp;apos;null&amp;apos;, yearBirth=&amp;apos;null&amp;apos;}, ContactData{firstName=&amp;apos;test1179622481&amp;apos;, lastName=&amp;apos;test-1791016192&amp;apos;, address=&amp;apos;null&amp;apos;, mobilePhone=&amp;apos;test-1178083587&amp;apos;, email=&amp;apos;test114564469&amp;apos;, dateBirth=&amp;apos;null&amp;apos;, monthBirth=&amp;apos;null&amp;apos;, yearBirth=&amp;apos;null&amp;apos;}, ContactData{firstName=&amp;apos;&amp;apos;, lastName=&amp;apos;test-2075038837&amp;apos;, address=&amp;apos;null&amp;apos;, mobilePhone=&amp;apos;&amp;apos;, email=&amp;apos;test-1492728480&amp;apos;, dateBirth=&amp;apos;null&amp;apos;, monthBirth=&amp;apos;null&amp;apos;, yearBirth=&amp;apos;null&amp;apos;}, ContactData{firstName=&amp;apos;test370196590&amp;apos;, lastName=&amp;apos;test-2087171033&amp;apos;, address=&amp;apos;null&amp;apos;, mobilePhone=&amp;apos;test1497145511&amp;apos;, email=&amp;apos;test-101151807&amp;apos;, dateBirth=&amp;apos;null&amp;apos;, monthBirth=&amp;apos;null&amp;apos;, yearBirth=&amp;apos;null&amp;apos;}, ContactData{firstName=&amp;apos;test1362450907&amp;apos;, lastName=&amp;apos;test-389265887&amp;apos;, address=&amp;apos;null&amp;apos;, mobilePhone=&amp;apos;&amp;apos;, email=&amp;apos;&amp;apos;, dateBirth=&amp;apos;null&amp;apos;, monthBirth=&amp;apos;null&amp;apos;, yearBirth=&amp;apos;null&amp;apos;}, ContactData{firstName=&amp;apos;&amp;apos;, lastName=&amp;apos;test-432300383&amp;apos;, address=&amp;apos;null&amp;apos;, mobilePhone=&amp;apos;test1153516621&amp;apos;, email=&amp;apos;test-1584964484&amp;apos;, dateBirth=&amp;apos;null&amp;apos;, monthBirth=&amp;apos;null&amp;apos;, yearBirth=&amp;apos;null&amp;apos;}, ContactData{firstName=&amp;apos;test-949960147&amp;apos;, lastName=&amp;apos;test-85964818&amp;apos;, address=&amp;apos;null&amp;apos;, mobilePhone=&amp;apos;test5724974&amp;apos;, email=&amp;apos;test-1206387800&amp;apos;, dateBirth=&amp;apos;null&amp;apos;, monthBirth=&amp;apos;null&amp;apos;, yearBirth=&amp;apos;null&amp;apos;}, ContactData{firstName=&amp;apos;test-949960147&amp;apos;, lastName=&amp;apos;test-85964818&amp;apos;, address=&amp;apos;null&amp;apos;, mobilePhone=&amp;apos;test5724974&amp;apos;, email=&amp;apos;test-1206387800&amp;apos;, dateBirth=&amp;apos;null&amp;apos;, monthBirth=&amp;apos;null&amp;apos;, yearBirth=&amp;apos;null&amp;apos;}, ContactData{firstName=&amp;apos;test-949960147&amp;apos;, lastName=&amp;apos;test-85964818&amp;apos;, address=&amp;apos;null&amp;apos;, mobilePhone=&amp;apos;test5724974&amp;apos;, email=&amp;apos;test-1206387800&amp;apos;, dateBirth=&amp;apos;null&amp;apos;, monthBirth=&amp;apos;null&amp;apos;, yearBirth=&amp;apos;null&amp;apos;}, ContactData{firstName=&amp;apos;test-949960147&amp;apos;, lastName=&amp;apos;test-85964818&amp;apos;, address=&amp;apos;null&amp;apos;, mobilePhone=&amp;apos;test5724974&amp;apos;, email=&amp;apos;test-1206387800&amp;apos;, dateBirth=&amp;apos;null&amp;apos;, monthBirth=&amp;apos;null&amp;apos;, yearBirth=&amp;apos;null&amp;apos;}, ContactData{firstName=&amp;apos;test-949960147&amp;apos;, lastName=&amp;apos;test-85964818&amp;apos;, address=&amp;apos;null&amp;apos;, mobilePhone=&amp;apos;test5724974&amp;apos;, email=&amp;apos;test-1206387800&amp;apos;, dateBirth=&amp;apos;null&amp;apos;, monthBirth=&amp;apos;null&amp;apos;, yearBirth=&amp;apos;null&amp;apos;}, ContactData{firstName=&amp;apos;test-363104790&amp;apos;, lastName=&amp;apos;test1150687125&amp;apos;, address=&amp;apos;null&amp;apos;, mobilePhone=&amp;apos;test812527360&amp;apos;, email=&amp;apos;test-1993302949&amp;apos;, dateBirth=&amp;apos;null&amp;apos;, monthBirth=&amp;apos;null&amp;apos;, yearBirth=&amp;apos;null&amp;apos;}, ContactData{firstName=&amp;apos;test-363104790&amp;apos;, lastName=&amp;apos;test1150687125&amp;apos;, address=&amp;apos;null&amp;apos;, mobilePhone=&amp;apos;test812527360&amp;apos;, email=&amp;apos;test-1993302949&amp;apos;, dateBirth=&amp;apos;null&amp;apos;, monthBirth=&amp;apos;null&amp;apos;, yearBirth=&amp;apos;null&amp;apos;}, ContactData{firstName=&amp;apos;test-363104790&amp;apos;, lastName=&amp;apos;test1150687125&amp;apos;, address=&amp;apos;null&amp;apos;, mobilePhone=&amp;apos;test812527360&amp;apos;, email=&amp;apos;test-1993302949&amp;apos;, dateBirth=&amp;apos;null&amp;apos;, monthBirth=&amp;apos;null&amp;apos;, yearBirth=&amp;apos;null&amp;apos;}, ContactData{firstName=&amp;apos;test-363104790&amp;apos;, lastName=&amp;apos;test1150687125&amp;apos;, address=&amp;apos;null&amp;apos;, mobilePhone=&amp;apos;test812527360&amp;apos;, email=&amp;apos;test-1993302949&amp;apos;, dateBirth=&amp;apos;null&amp;apos;, monthBirth=&amp;apos;null&amp;apos;, yearBirth=&amp;apos;null&amp;apos;}, ContactData{firstName=&amp;apos;test-363104790&amp;apos;, lastName=&amp;apos;test1150687125&amp;apos;, address=&amp;apos;null&amp;apos;, mobilePhone=&amp;apos;test812527360&amp;apos;, email=&amp;apos;test-1993302949&amp;apos;, dateBirth=&amp;apos;null&amp;apos;, monthBirth=&amp;apos;null&amp;apos;, yearBirth=&amp;apos;null&amp;apos;}, ContactData{firstName=&amp;apos;test-363104790&amp;apos;, lastName=&amp;apos;test1150687125&amp;apos;, address=&amp;apos;null&amp;apos;, mobilePhone=&amp;apos;test812527360&amp;apos;, email=&amp;apos;test-1993302949&amp;apos;, dateBirth=&amp;apos;null&amp;apos;, monthBirth=&amp;apos;null&amp;apos;, yearBirth=&amp;apos;null&amp;apos;}, ContactData{firstName=&amp;apos;test-363104790&amp;apos;, lastName=&amp;apos;test1150687125&amp;apos;, address=&amp;apos;null&amp;apos;, mobilePhone=&amp;apos;test812527360&amp;apos;, email=&amp;apos;test-1993302949&amp;apos;, dateBirth=&amp;apos;null&amp;apos;, monthBirth=&amp;apos;null&amp;apos;, yearBirth=&amp;apos;null&amp;apos;}, ContactData{firstName=&amp;apos;test-363104790&amp;apos;, lastName=&amp;apos;test1150687125&amp;apos;, address=&amp;apos;null&amp;apos;, mobilePhone=&amp;apos;test812527360&amp;apos;, email=&amp;apos;test-1993302949&amp;apos;, dateBirth=&amp;apos;null&amp;apos;, monthBirth=&amp;apos;null&amp;apos;, yearBirth=&amp;apos;null&amp;apos;}, ContactData{firstName=&amp;apos;test-363104790&amp;apos;, lastName=&amp;apos;test1150687125&amp;apos;, address=&amp;apos;null&amp;apos;, mobilePhone=&amp;apos;test812527360&amp;apos;, email=&amp;apos;test-1993302949&amp;apos;, dateBirth=&amp;apos;null&amp;apos;, monthBirth=&amp;apos;null&amp;apos;, yearBirth=&amp;apos;null&amp;apos;}, ContactData{firstName=&amp;apos;&amp;apos;, lastName=&amp;apos;test124523223&amp;apos;, address=&amp;apos;null&amp;apos;, mobilePhone=&amp;apos;test818947573&amp;apos;, email=&amp;apos;test-1699396857&amp;apos;, dateBirth=&amp;apos;null&amp;apos;, monthBirth=&amp;apos;null&amp;apos;, yearBirth=&amp;apos;null&amp;apos;}, ContactData{firstName=&amp;apos;&amp;apos;, lastName=&amp;apos;test143757501&amp;apos;, address=&amp;apos;null&amp;apos;, mobilePhone=&amp;apos;test-159889063&amp;apos;, email=&amp;apos;&amp;apos;, dateBirth=&amp;apos;null&amp;apos;, monthBirth=&amp;apos;null&amp;apos;, yearBirth=&amp;apos;null&amp;apos;}, ContactData{firstName=&amp;apos;&amp;apos;, lastName=&amp;apos;test143757501&amp;apos;, address=&amp;apos;null&amp;apos;, mobilePhone=&amp;apos;test-159889063&amp;apos;, email=&amp;apos;&amp;apos;, dateBirth=&amp;apos;null&amp;apos;, monthBirth=&amp;apos;null&amp;apos;, yearBirth=&amp;apos;null&amp;apos;}, ContactData{firstName=&amp;apos;&amp;apos;, lastName=&amp;apos;test143757501&amp;apos;, address=&amp;apos;null&amp;apos;, mobilePhone=&amp;apos;test-159889063&amp;apos;, email=&amp;apos;&amp;apos;, dateBirth=&amp;apos;null&amp;apos;, monthBirth=&amp;apos;null&amp;apos;, yearBirth=&amp;apos;null&amp;apos;}, ContactData{firstName=&amp;apos;&amp;apos;, lastName=&amp;apos;test143757501&amp;apos;, address=&amp;apos;null&amp;apos;, mobilePhone=&amp;apos;test-159889063&amp;apos;, email=&amp;apos;&amp;apos;, dateBirth=&amp;apos;null&amp;apos;, monthBirth=&amp;apos;null&amp;apos;, yearBirth=&amp;apos;null&amp;apos;}, ContactData{firstName=&amp;apos;&amp;apos;, lastName=&amp;apos;test143757501&amp;apos;, address=&amp;apos;null&amp;apos;, mobilePhone=&amp;apos;test-159889063&amp;apos;, email=&amp;apos;&amp;apos;, dateBirth=&amp;apos;null&amp;apos;, monthBirth=&amp;apos;null&amp;apos;, yearBirth=&amp;apos;null&amp;apos;}, ContactData{firstName=&amp;apos;&amp;apos;, lastName=&amp;apos;test143757501&amp;apos;, address=&amp;apos;null&amp;apos;, mobilePhone=&amp;apos;test-159889063&amp;apos;, email=&amp;apos;&amp;apos;, dateBirth=&amp;apos;null&amp;apos;, monthBirth=&amp;apos;null&amp;apos;, yearBirth=&amp;apos;null&amp;apos;}, ContactData{firstName=&amp;apos;&amp;apos;, lastName=&amp;apos;test143757501&amp;apos;, address=&amp;apos;null&amp;apos;, mobilePhone=&amp;apos;test-159889063&amp;apos;, email=&amp;apos;&amp;apos;, dateBirth=&amp;apos;null&amp;apos;, monthBirth=&amp;apos;null&amp;apos;, yearBirth=&amp;apos;null&amp;apos;}, ContactData{firstName=&amp;apos;&amp;apos;, lastName=&amp;apos;test143757501&amp;apos;, address=&amp;apos;null&amp;apos;, mobilePhone=&amp;apos;test-159889063&amp;apos;, email=&amp;apos;&amp;apos;, dateBirth=&amp;apos;null&amp;apos;, monthBirth=&amp;apos;null&amp;apos;, yearBirth=&amp;apos;null&amp;apos;}, ContactData{firstName=&amp;apos;&amp;apos;, lastName=&amp;apos;test143757501&amp;apos;, address=&amp;apos;null&amp;apos;, mobilePhone=&amp;apos;test-159889063&amp;apos;, email=&amp;apos;&amp;apos;, dateBirth=&amp;apos;null&amp;apos;, monthBirth=&amp;apos;null&amp;apos;, yearBirth=&amp;apos;null&amp;apos;}, ContactData{firstName=&amp;apos;&amp;apos;, lastName=&amp;apos;test143757501&amp;apos;, address=&amp;apos;null&amp;apos;, mobilePhone=&amp;apos;test-159889063&amp;apos;, email=&amp;apos;&amp;apos;, dateBirth=&amp;apos;null&amp;apos;, monthBirth=&amp;apos;null&amp;apos;, yearBirth=&amp;apos;null&amp;apos;}, ContactData{firstName=&amp;apos;&amp;apos;, lastName=&amp;apos;test143757501&amp;apos;, address=&amp;apos;null&amp;apos;, mobilePhone=&amp;apos;test-159889063&amp;apos;, email=&amp;apos;&amp;apos;, dateBirth=&amp;apos;null&amp;apos;, monthBirth=&amp;apos;null&amp;apos;, yearBirth=&amp;apos;null&amp;apos;}, ContactData{firstName=&amp;apos;test-1698965700&amp;apos;, lastName=&amp;apos;test1813333897&amp;apos;, address=&amp;apos;null&amp;apos;, mobilePhone=&amp;apos;test-1718627751&amp;apos;, email=&amp;apos;&amp;apos;, dateBirth=&amp;apos;null&amp;apos;, monthBirth=&amp;apos;null&amp;apos;, yearBirth=&amp;apos;null&amp;apos;}, ContactData{firstName=&amp;apos;test-1698965700&amp;apos;, lastName=&amp;apos;test1813333897&amp;apos;, address=&amp;apos;null&amp;apos;, mobilePhone=&amp;apos;test-1718627751&amp;apos;, email=&amp;apos;&amp;apos;, dateBirth=&amp;apos;null&amp;apos;, monthBirth=&amp;apos;null&amp;apos;, yearBirth=&amp;apos;null&amp;apos;}, ContactData{firstName=&amp;apos;test-1698965700&amp;apos;, lastName=&amp;apos;test1813333897&amp;apos;, address=&amp;apos;null&amp;apos;, mobilePhone=&amp;apos;test-1718627751&amp;apos;, email=&amp;apos;&amp;apos;, dateBirth=&amp;apos;null&amp;apos;, monthBirth=&amp;apos;null&amp;apos;, yearBirth=&amp;apos;null&amp;apos;}, ContactData{firstName=&amp;apos;test-1698965700&amp;apos;, lastName=&amp;apos;test1813333897&amp;apos;, address=&amp;apos;null&amp;apos;, mobilePhone=&amp;apos;test-1718627751&amp;apos;, email=&amp;apos;&amp;apos;, dateBirth=&amp;apos;null&amp;apos;, monthBirth=&amp;apos;null&amp;apos;, yearBirth=&amp;apos;null&amp;apos;}, ContactData{firstName=&amp;apos;test-1698965700&amp;apos;, lastName=&amp;apos;test1813333897&amp;apos;, address=&amp;apos;null&amp;apos;, mobilePhone=&amp;apos;test-1718627751&amp;apos;, email=&amp;apos;&amp;apos;, dateBirth=&amp;apos;null&amp;apos;, monthBirth=&amp;apos;null&amp;apos;, yearBirth=&amp;apos;null&amp;apos;}, ContactData{firstName=&amp;apos;test-1421557881&amp;apos;, lastName=&amp;apos;test1912168969&amp;apos;, address=&amp;apos;null&amp;apos;, mobilePhone=&amp;apos;&amp;apos;, email=&amp;apos;test-553664109&amp;apos;, dateBirth=&amp;apos;null&amp;apos;, monthBirth=&amp;apos;null&amp;apos;, yearBirth=&amp;apos;null&amp;apos;}, ContactData{firstName=&amp;apos;test-2073125732&amp;apos;, lastName=&amp;apos;test198581471&amp;apos;, address=&amp;apos;null&amp;apos;, mobilePhone=&amp;apos;&amp;apos;, email=&amp;apos;&amp;apos;, dateBirth=&amp;apos;null&amp;apos;, monthBirth=&amp;apos;null&amp;apos;, yearBirth=&amp;apos;null&amp;apos;}, ContactData{firstName=&amp;apos;test-2073125732&amp;apos;, lastName=&amp;apos;test198581471&amp;apos;, address=&amp;apos;null&amp;apos;, mobilePhone=&amp;apos;&amp;apos;, email=&amp;apos;&amp;apos;, dateBirth=&amp;apos;null&amp;apos;, monthBirth=&amp;apos;null&amp;apos;, yearBirth=&amp;apos;null&amp;apos;}, ContactData{firstName=&amp;apos;test-2073125732&amp;apos;, lastName=&amp;apos;test198581471&amp;apos;, address=&amp;apos;null&amp;apos;, mobilePhone=&amp;apos;&amp;apos;, email=&amp;apos;&amp;apos;, dateBirth=&amp;apos;null&amp;apos;, monthBirth=&amp;apos;null&amp;apos;, yearBirth=&amp;apos;null&amp;apos;}, ContactData{firstName=&amp;apos;test-2073125732&amp;apos;, lastName=&amp;apos;test198581471&amp;apos;, address=&amp;apos;null&amp;apos;, mobilePhone=&amp;apos;&amp;apos;, email=&amp;apos;&amp;apos;, dateBirth=&amp;apos;null&amp;apos;, monthBirth=&amp;apos;null&amp;apos;, yearBirth=&amp;apos;null&amp;apos;}, ContactData{firstName=&amp;apos;test-2073125732&amp;apos;, lastName=&amp;apos;test198581471&amp;apos;, address=&amp;apos;null&amp;apos;, mobilePhone=&amp;apos;&amp;apos;, email=&amp;apos;&amp;apos;, dateBirth=&amp;apos;null&amp;apos;, monthBirth=&amp;apos;null&amp;apos;, yearBirth=&amp;apos;null&amp;apos;}, ContactData{firstName=&amp;apos;test-2073125732&amp;apos;, lastName=&amp;apos;test198581471&amp;apos;, address=&amp;apos;null&amp;apos;, mobilePhone=&amp;apos;&amp;apos;, email=&amp;apos;&amp;apos;, dateBirth=&amp;apos;null&amp;apos;, monthBirth=&amp;apos;null&amp;apos;, yearBirth=&amp;apos;null&amp;apos;}, ContactData{firstName=&amp;apos;test-1035740089&amp;apos;, lastName=&amp;apos;test2101242929&amp;apos;, address=&amp;apos;null&amp;apos;, mobilePhone=&amp;apos;test539178050&amp;apos;, email=&amp;apos;&amp;apos;, dateBirth=&amp;apos;null&amp;apos;, monthBirth=&amp;apos;null&amp;apos;, yearBirth=&amp;apos;null&amp;apos;}, ContactData{firstName=&amp;apos;test572033207&amp;apos;, lastName=&amp;apos;test369181521&amp;apos;, address=&amp;apos;null&amp;apos;, mobilePhone=&amp;apos;test-294194410&amp;apos;, email=&amp;apos;test-1956175168&amp;apos;, dateBirth=&amp;apos;null&amp;apos;, monthBirth=&amp;apos;null&amp;apos;, yearBirth=&amp;apos;null&amp;apos;}, ContactData{firstName=&amp;apos;&amp;apos;, lastName=&amp;apos;test440232425&amp;apos;, address=&amp;apos;null&amp;apos;, mobilePhone=&amp;apos;test7458516&amp;apos;, email=&amp;apos;test741651782&amp;apos;, dateBirth=&amp;apos;null&amp;apos;, monthBirth=&amp;apos;null&amp;apos;, yearBirth=&amp;apos;null&amp;apos;}, ContactData{firstName=&amp;apos;test-234922828&amp;apos;, lastName=&amp;apos;test595372570&amp;apos;, address=&amp;apos;null&amp;apos;, mobilePhone=&amp;apos;test2114689914&amp;apos;, email=&amp;apos;test1460496132&amp;apos;, dateBirth=&amp;apos;null&amp;apos;, monthBirth=&amp;apos;null&amp;apos;, yearBirth=&amp;apos;null&amp;apos;}, ContactData{firstName=&amp;apos;test1845226584&amp;apos;, lastName=&amp;apos;test663534883&amp;apos;, address=&amp;apos;null&amp;apos;, mobilePhone=&amp;apos;test-1922647136&amp;apos;, email=&amp;apos;test-1590810812&amp;apos;, dateBirth=&amp;apos;null&amp;apos;, monthBirth=&amp;apos;null&amp;apos;, yearBirth=&amp;apos;null&amp;apos;}, ContactData{firstName=&amp;apos;test1845226584&amp;apos;, lastName=&amp;apos;test663534883&amp;apos;, address=&amp;apos;null&amp;apos;, mobilePhone=&amp;apos;test-1922647136&amp;apos;, email=&amp;apos;test-1590810812&amp;apos;, dateBirth=&amp;apos;null&amp;apos;, monthBirth=&amp;apos;null&amp;apos;, yearBirth=&amp;apos;null&amp;apos;}, ContactData{firstName=&amp;apos;test1845226584&amp;apos;, lastName=&amp;apos;test663534883&amp;apos;, address=&amp;apos;null&amp;apos;, mobilePhone=&amp;apos;test-1922647136&amp;apos;, email=&amp;apos;test-1590810812&amp;apos;, dateBirth=&amp;apos;null&amp;apos;, monthBirth=&amp;apos;null&amp;apos;, yearBirth=&amp;apos;null&amp;apos;}, ContactData{firstName=&amp;apos;test1845226584&amp;apos;, lastName=&amp;apos;test663534883&amp;apos;, address=&amp;apos;null&amp;apos;, mobilePhone=&amp;apos;test-1922647136&amp;apos;, email=&amp;apos;test-1590810812&amp;apos;, dateBirth=&amp;apos;null&amp;apos;, monthBirth=&amp;apos;null&amp;apos;, yearBirth=&amp;apos;null&amp;apos;}, ContactData{firstName=&amp;apos;test1845226584&amp;apos;, lastName=&amp;apos;test663534883&amp;apos;, address=&amp;apos;null&amp;apos;, mobilePhone=&amp;apos;test-1922647136&amp;apos;, email=&amp;apos;test-1590810812&amp;apos;, dateBirth=&amp;apos;null&amp;apos;, monthBirth=&amp;apos;null&amp;apos;, yearBirth=&amp;apos;null&amp;apos;}, ContactData{firstName=&amp;apos;&amp;apos;, lastName=&amp;apos;test842922543&amp;apos;, address=&amp;apos;null&amp;apos;, mobilePhone=&amp;apos;&amp;apos;, email=&amp;apos;&amp;apos;, dateBirth=&amp;apos;null&amp;apos;, monthBirth=&amp;apos;null&amp;apos;, yearBirth=&amp;apos;null&amp;apos;}, ContactData{firstName=&amp;apos;&amp;apos;, lastName=&amp;apos;tortilla&amp;apos;, address=&amp;apos;null&amp;apos;, mobilePhone=&amp;apos;&amp;apos;, email=&amp;apos;&amp;apos;, dateBirth=&amp;apos;null&amp;apos;, monthBirth=&amp;apos;null&amp;apos;, yearBirth=&amp;apos;null&amp;apos;}, ContactData{firstName=&amp;apos;&amp;apos;, lastName=&amp;apos;еtеуeуыsыеtе143757501&amp;apos;, address=&amp;apos;null&amp;apos;, mobilePhone=&amp;apos;еtеуeуыsыеtе-159889063&amp;apos;, email=&amp;apos;&amp;apos;, dateBirth=&amp;apos;null&amp;apos;, monthBirth=&amp;apos;null&amp;apos;, yearBirth=&amp;apos;null&amp;apos;}]&amp;gt;">
      <![CDATA[java.lang.AssertionError: 
Expected: <[ContactData{firstName='', lastName='', address='null', mobilePhone='test-836734843', email='test-585035083', dateBirth='null', monthBirth='null', yearBirth='null'}, ContactData{firstName='', lastName='', address='null', mobilePhone='test1045042430', email='', dateBirth='null', monthBirth='null', yearBirth='null'}, ContactData{firstName='', lastName='', address='null', mobilePhone='', email='test549481470', dateBirth='null', monthBirth='null', yearBirth='null'}, ContactData{firstName='', lastName='', address='null', mobilePhone='', email='test549481470', dateBirth='null', monthBirth='null', yearBirth='null'}, ContactData{firstName='', lastName='', address='null', mobilePhone='', email='test549481470', dateBirth='null', monthBirth='null', yearBirth='null'}, ContactData{firstName='', lastName='', address='null', mobilePhone='', email='test549481470', dateBirth='null', monthBirth='null', yearBirth='null'}, ContactData{firstName='', lastName='', address='null', mobilePhone='', email='test549481470', dateBirth='null', monthBirth='null', yearBirth='null'}, ContactData{firstName='', lastName='', address='null', mobilePhone='', email='test549481470', dateBirth='null', monthBirth='null', yearBirth='null'}, ContactData{firstName='test-1386885785', lastName='', address='null', mobilePhone='test1643335752', email='', dateBirth='null', monthBirth='null', yearBirth='null'}, ContactData{firstName='test-1386885785', lastName='', address='null', mobilePhone='test1643335752', email='', dateBirth='null', monthBirth='null', yearBirth='null'}, ContactData{firstName='test-1386885785', lastName='', address='null', mobilePhone='test1643335752', email='', dateBirth='null', monthBirth='null', yearBirth='null'}, ContactData{firstName='test-1386885785', lastName='', address='null', mobilePhone='test1643335752', email='', dateBirth='null', monthBirth='null', yearBirth='null'}, ContactData{firstName='test-1386885785', lastName='', address='null', mobilePhone='test1643335752', email='', dateBirth='null', monthBirth='null', yearBirth='null'}, ContactData{firstName='test-1551204706', lastName='', address='null', mobilePhone='test1073971578', email='', dateBirth='null', monthBirth='null', yearBirth='null'}, ContactData{firstName='test-1767641318', lastName='', address='null', mobilePhone='test935255826', email='', dateBirth='null', monthBirth='null', yearBirth='null'}, ContactData{firstName='test-1767641318', lastName='', address='null', mobilePhone='test935255826', email='', dateBirth='null', monthBirth='null', yearBirth='null'}, ContactData{firstName='test-1767641318', lastName='', address='null', mobilePhone='test935255826', email='', dateBirth='null', monthBirth='null', yearBirth='null'}, ContactData{firstName='test-1767641318', lastName='', address='null', mobilePhone='test935255826', email='', dateBirth='null', monthBirth='null', yearBirth='null'}, ContactData{firstName='test-1767641318', lastName='', address='null', mobilePhone='test935255826', email='', dateBirth='null', monthBirth='null', yearBirth='null'}, ContactData{firstName='test-1767641318', lastName='', address='null', mobilePhone='test935255826', email='', dateBirth='null', monthBirth='null', yearBirth='null'}, ContactData{firstName='test-2028308566', lastName='', address='null', mobilePhone='', email='test-447692937', dateBirth='null', monthBirth='null', yearBirth='null'}, ContactData{firstName='test1071625', lastName='', address='null', mobilePhone='test350565088', email='test-799210202', dateBirth='null', monthBirth='null', yearBirth='null'}, ContactData{firstName='test1848553755', lastName='', address='null', mobilePhone='', email='test-603747668', dateBirth='null', monthBirth='null', yearBirth='null'}, ContactData{firstName='test1848553755', lastName='', address='null', mobilePhone='', email='test-603747668', dateBirth='null', monthBirth='null', yearBirth='null'}, ContactData{firstName='test1848553755', lastName='', address='null', mobilePhone='', email='test-603747668', dateBirth='null', monthBirth='null', yearBirth='null'}, ContactData{firstName='test1848553755', lastName='', address='null', mobilePhone='', email='test-603747668', dateBirth='null', monthBirth='null', yearBirth='null'}, ContactData{firstName='test1848553755', lastName='', address='null', mobilePhone='', email='test-603747668', dateBirth='null', monthBirth='null', yearBirth='null'}, ContactData{firstName='Natalia', lastName='Maslova', address='null', mobilePhone='+380509997755', email='maslova.nd@gmail.com', dateBirth='null', monthBirth='null', yearBirth='null'}, ContactData{firstName='Natalia', lastName='Maslova', address='null', mobilePhone='+380509997755', email='maslova.nd@gmail.com', dateBirth='null', monthBirth='null', yearBirth='null'}, ContactData{firstName='Natalia', lastName='Maslova', address='null', mobilePhone='+380509997755', email='maslova.nd@gmail.com', dateBirth='null', monthBirth='null', yearBirth='null'}, ContactData{firstName='Natalia', lastName='Maslova', address='null', mobilePhone='+380509997755', email='maslova.nd@gmail.com', dateBirth='null', monthBirth='null', yearBirth='null'}, ContactData{firstName='Natalia', lastName='Maslova', address='null', mobilePhone='+380509997755', email='maslova.nd@gmail.com', dateBirth='null', monthBirth='null', yearBirth='null'}, ContactData{firstName='Natalia', lastName='Maslova', address='null', mobilePhone='+380509997755', email='maslova.nd@gmail.com', dateBirth='null', monthBirth='null', yearBirth='null'}, ContactData{firstName='Natalia', lastName='Maslova', address='null', mobilePhone='+380509997755', email='maslova.nd@gmail.com', dateBirth='null', monthBirth='null', yearBirth='null'}, ContactData{firstName='Natalia', lastName='Maslova', address='null', mobilePhone='+380509997755', email='maslova.nd@gmail.com', dateBirth='null', monthBirth='null', yearBirth='null'}, ContactData{firstName='Natalia', lastName='Maslova', address='null', mobilePhone='+380509997755', email='maslova.nd@gmail.com', dateBirth='null', monthBirth='null', yearBirth='null'}, ContactData{firstName='Natalia', lastName='Maslova', address='null', mobilePhone='+380509997755', email='maslova.nd@gmail.com', dateBirth='null', monthBirth='null', yearBirth='null'}, ContactData{firstName='Natalia', lastName='Maslova', address='null', mobilePhone='+380509997755', email='maslova.nd@gmail.com', dateBirth='null', monthBirth='null', yearBirth='null'}, ContactData{firstName='test454059419', lastName='test-1096294426', address='null', mobilePhone='test1012281554', email='test-2062372343', dateBirth='null', monthBirth='null', yearBirth='null'}, ContactData{firstName='test1708673099', lastName='test-1125328751', address='null', mobilePhone='test322438628', email='', dateBirth='null', monthBirth='null', yearBirth='null'}, ContactData{firstName='test1179622481', lastName='test-1791016192', address='null', mobilePhone='test-1178083587', email='test114564469', dateBirth='null', monthBirth='null', yearBirth='null'}, ContactData{firstName='', lastName='test-2075038837', address='null', mobilePhone='', email='test-1492728480', dateBirth='null', monthBirth='null', yearBirth='null'}, ContactData{firstName='test370196590', lastName='test-2087171033', address='null', mobilePhone='test1497145511', email='test-101151807', dateBirth='null', monthBirth='null', yearBirth='null'}, ContactData{firstName='test1362450907', lastName='test-389265887', address='null', mobilePhone='', email='', dateBirth='null', monthBirth='null', yearBirth='null'}, ContactData{firstName='', lastName='test-432300383', address='null', mobilePhone='test1153516621', email='test-1584964484', dateBirth='null', monthBirth='null', yearBirth='null'}, ContactData{firstName='test-949960147', lastName='test-85964818', address='null', mobilePhone='test5724974', email='test-1206387800', dateBirth='null', monthBirth='null', yearBirth='null'}, ContactData{firstName='test-949960147', lastName='test-85964818', address='null', mobilePhone='test5724974', email='test-1206387800', dateBirth='null', monthBirth='null', yearBirth='null'}, ContactData{firstName='test-949960147', lastName='test-85964818', address='null', mobilePhone='test5724974', email='test-1206387800', dateBirth='null', monthBirth='null', yearBirth='null'}, ContactData{firstName='test-949960147', lastName='test-85964818', address='null', mobilePhone='test5724974', email='test-1206387800', dateBirth='null', monthBirth='null', yearBirth='null'}, ContactData{firstName='test-949960147', lastName='test-85964818', address='null', mobilePhone='test5724974', email='test-1206387800', dateBirth='null', monthBirth='null', yearBirth='null'}, ContactData{firstName='test-363104790', lastName='test1150687125', address='null', mobilePhone='test812527360', email='test-1993302949', dateBirth='null', monthBirth='null', yearBirth='null'}, ContactData{firstName='test-363104790', lastName='test1150687125', address='null', mobilePhone='test812527360', email='test-1993302949', dateBirth='null', monthBirth='null', yearBirth='null'}, ContactData{firstName='test-363104790', lastName='test1150687125', address='null', mobilePhone='test812527360', email='test-1993302949', dateBirth='null', monthBirth='null', yearBirth='null'}, ContactData{firstName='test-363104790', lastName='test1150687125', address='null', mobilePhone='test812527360', email='test-1993302949', dateBirth='null', monthBirth='null', yearBirth='null'}, ContactData{firstName='test-363104790', lastName='test1150687125', address='null', mobilePhone='test812527360', email='test-1993302949', dateBirth='null', monthBirth='null', yearBirth='null'}, ContactData{firstName='test-363104790', lastName='test1150687125', address='null', mobilePhone='test812527360', email='test-1993302949', dateBirth='null', monthBirth='null', yearBirth='null'}, ContactData{firstName='test-363104790', lastName='test1150687125', address='null', mobilePhone='test812527360', email='test-1993302949', dateBirth='null', monthBirth='null', yearBirth='null'}, ContactData{firstName='test-363104790', lastName='test1150687125', address='null', mobilePhone='test812527360', email='test-1993302949', dateBirth='null', monthBirth='null', yearBirth='null'}, ContactData{firstName='test-363104790', lastName='test1150687125', address='null', mobilePhone='test812527360', email='test-1993302949', dateBirth='null', monthBirth='null', yearBirth='null'}, ContactData{firstName='', lastName='test124523223', address='null', mobilePhone='test818947573', email='test-1699396857', dateBirth='null', monthBirth='null', yearBirth='null'}, ContactData{firstName='', lastName='test143757501', address='null', mobilePhone='test-159889063', email='', dateBirth='null', monthBirth='null', yearBirth='null'}, ContactData{firstName='', lastName='test143757501', address='null', mobilePhone='test-159889063', email='', dateBirth='null', monthBirth='null', yearBirth='null'}, ContactData{firstName='', lastName='test143757501', address='null', mobilePhone='test-159889063', email='', dateBirth='null', monthBirth='null', yearBirth='null'}, ContactData{firstName='', lastName='test143757501', address='null', mobilePhone='test-159889063', email='', dateBirth='null', monthBirth='null', yearBirth='null'}, ContactData{firstName='', lastName='test143757501', address='null', mobilePhone='test-159889063', email='', dateBirth='null', monthBirth='null', yearBirth='null'}, ContactData{firstName='', lastName='test143757501', address='null', mobilePhone='test-159889063', email='', dateBirth='null', monthBirth='null', yearBirth='null'}, ContactData{firstName='', lastName='test143757501', address='null', mobilePhone='test-159889063', email='', dateBirth='null', monthBirth='null', yearBirth='null'}, ContactData{firstName='', lastName='test143757501', address='null', mobilePhone='test-159889063', email='', dateBirth='null', monthBirth='null', yearBirth='null'}, ContactData{firstName='', lastName='test143757501', address='null', mobilePhone='test-159889063', email='', dateBirth='null', monthBirth='null', yearBirth='null'}, ContactData{firstName='', lastName='test143757501', address='null', mobilePhone='test-159889063', email='', dateBirth='null', monthBirth='null', yearBirth='null'}, ContactData{firstName='', lastName='test143757501', address='null', mobilePhone='test-159889063', email='', dateBirth='null', monthBirth='null', yearBirth='null'}, ContactData{firstName='', lastName='test143757501', address='test2107331409', mobilePhone='test-159889063', email='', dateBirth='2', monthBirth='April', yearBirth='1453'}, ContactData{firstName='test-1698965700', lastName='test1813333897', address='null', mobilePhone='test-1718627751', email='', dateBirth='null', monthBirth='null', yearBirth='null'}, ContactData{firstName='test-1698965700', lastName='test1813333897', address='null', mobilePhone='test-1718627751', email='', dateBirth='null', monthBirth='null', yearBirth='null'}, ContactData{firstName='test-1698965700', lastName='test1813333897', address='null', mobilePhone='test-1718627751', email='', dateBirth='null', monthBirth='null', yearBirth='null'}, ContactData{firstName='test-1698965700', lastName='test1813333897', address='null', mobilePhone='test-1718627751', email='', dateBirth='null', monthBirth='null', yearBirth='null'}, ContactData{firstName='test-1698965700', lastName='test1813333897', address='null', mobilePhone='test-1718627751', email='', dateBirth='null', monthBirth='null', yearBirth='null'}, ContactData{firstName='test-1421557881', lastName='test1912168969', address='null', mobilePhone='', email='test-553664109', dateBirth='null', monthBirth='null', yearBirth='null'}, ContactData{firstName='test-2073125732', lastName='test198581471', address='null', mobilePhone='', email='', dateBirth='null', monthBirth='null', yearBirth='null'}, ContactData{firstName='test-2073125732', lastName='test198581471', address='null', mobilePhone='', email='', dateBirth='null', monthBirth='null', yearBirth='null'}, ContactData{firstName='test-2073125732', lastName='test198581471', address='null', mobilePhone='', email='', dateBirth='null', monthBirth='null', yearBirth='null'}, ContactData{firstName='test-2073125732', lastName='test198581471', address='null', mobilePhone='', email='', dateBirth='null', monthBirth='null', yearBirth='null'}, ContactData{firstName='test-2073125732', lastName='test198581471', address='null', mobilePhone='', email='', dateBirth='null', monthBirth='null', yearBirth='null'}, ContactData{firstName='test-2073125732', lastName='test198581471', address='null', mobilePhone='', email='', dateBirth='null', monthBirth='null', yearBirth='null'}, ContactData{firstName='test-1035740089', lastName='test2101242929', address='null', mobilePhone='test539178050', email='', dateBirth='null', monthBirth='null', yearBirth='null'}, ContactData{firstName='test572033207', lastName='test369181521', address='null', mobilePhone='test-294194410', email='test-1956175168', dateBirth='null', monthBirth='null', yearBirth='null'}, ContactData{firstName='', lastName='test440232425', address='null', mobilePhone='test7458516', email='test741651782', dateBirth='null', monthBirth='null', yearBirth='null'}, ContactData{firstName='test-234922828', lastName='test595372570', address='null', mobilePhone='test2114689914', email='test1460496132', dateBirth='null', monthBirth='null', yearBirth='null'}, ContactData{firstName='test1845226584', lastName='test663534883', address='null', mobilePhone='test-1922647136', email='test-1590810812', dateBirth='null', monthBirth='null', yearBirth='null'}, ContactData{firstName='test1845226584', lastName='test663534883', address='null', mobilePhone='test-1922647136', email='test-1590810812', dateBirth='null', monthBirth='null', yearBirth='null'}, ContactData{firstName='test1845226584', lastName='test663534883', address='null', mobilePhone='test-1922647136', email='test-1590810812', dateBirth='null', monthBirth='null', yearBirth='null'}, ContactData{firstName='test1845226584', lastName='test663534883', address='null', mobilePhone='test-1922647136', email='test-1590810812', dateBirth='null', monthBirth='null', yearBirth='null'}, ContactData{firstName='test1845226584', lastName='test663534883', address='null', mobilePhone='test-1922647136', email='test-1590810812', dateBirth='null', monthBirth='null', yearBirth='null'}, ContactData{firstName='', lastName='test842922543', address='null', mobilePhone='', email='', dateBirth='null', monthBirth='null', yearBirth='null'}, ContactData{firstName='', lastName='tortilla', address='null', mobilePhone='', email='', dateBirth='null', monthBirth='null', yearBirth='null'}]>
     but: was <[ContactData{firstName='', lastName='', address='null', mobilePhone='test-836734843', email='test-585035083', dateBirth='null', monthBirth='null', yearBirth='null'}, ContactData{firstName='', lastName='', address='null', mobilePhone='test1045042430', email='', dateBirth='null', monthBirth='null', yearBirth='null'}, ContactData{firstName='', lastName='', address='null', mobilePhone='', email='test549481470', dateBirth='null', monthBirth='null', yearBirth='null'}, ContactData{firstName='', lastName='', address='null', mobilePhone='', email='test549481470', dateBirth='null', monthBirth='null', yearBirth='null'}, ContactData{firstName='', lastName='', address='null', mobilePhone='', email='test549481470', dateBirth='null', monthBirth='null', yearBirth='null'}, ContactData{firstName='', lastName='', address='null', mobilePhone='', email='test549481470', dateBirth='null', monthBirth='null', yearBirth='null'}, ContactData{firstName='', lastName='', address='null', mobilePhone='', email='test549481470', dateBirth='null', monthBirth='null', yearBirth='null'}, ContactData{firstName='', lastName='', address='null', mobilePhone='', email='test549481470', dateBirth='null', monthBirth='null', yearBirth='null'}, ContactData{firstName='test-1386885785', lastName='', address='null', mobilePhone='test1643335752', email='', dateBirth='null', monthBirth='null', yearBirth='null'}, ContactData{firstName='test-1386885785', lastName='', address='null', mobilePhone='test1643335752', email='', dateBirth='null', monthBirth='null', yearBirth='null'}, ContactData{firstName='test-1386885785', lastName='', address='null', mobilePhone='test1643335752', email='', dateBirth='null', monthBirth='null', yearBirth='null'}, ContactData{firstName='test-1386885785', lastName='', address='null', mobilePhone='test1643335752', email='', dateBirth='null', monthBirth='null', yearBirth='null'}, ContactData{firstName='test-1386885785', lastName='', address='null', mobilePhone='test1643335752', email='', dateBirth='null', monthBirth='null', yearBirth='null'}, ContactData{firstName='test-1551204706', lastName='', address='null', mobilePhone='test1073971578', email='', dateBirth='null', monthBirth='null', yearBirth='null'}, ContactData{firstName='test-1767641318', lastName='', address='null', mobilePhone='test935255826', email='', dateBirth='null', monthBirth='null', yearBirth='null'}, ContactData{firstName='test-1767641318', lastName='', address='null', mobilePhone='test935255826', email='', dateBirth='null', monthBirth='null', yearBirth='null'}, ContactData{firstName='test-1767641318', lastName='', address='null', mobilePhone='test935255826', email='', dateBirth='null', monthBirth='null', yearBirth='null'}, ContactData{firstName='test-1767641318', lastName='', address='null', mobilePhone='test935255826', email='', dateBirth='null', monthBirth='null', yearBirth='null'}, ContactData{firstName='test-1767641318', lastName='', address='null', mobilePhone='test935255826', email='', dateBirth='null', monthBirth='null', yearBirth='null'}, ContactData{firstName='test-1767641318', lastName='', address='null', mobilePhone='test935255826', email='', dateBirth='null', monthBirth='null', yearBirth='null'}, ContactData{firstName='test-2028308566', lastName='', address='null', mobilePhone='', email='test-447692937', dateBirth='null', monthBirth='null', yearBirth='null'}, ContactData{firstName='test1071625', lastName='', address='null', mobilePhone='test350565088', email='test-799210202', dateBirth='null', monthBirth='null', yearBirth='null'}, ContactData{firstName='test1848553755', lastName='', address='null', mobilePhone='', email='test-603747668', dateBirth='null', monthBirth='null', yearBirth='null'}, ContactData{firstName='test1848553755', lastName='', address='null', mobilePhone='', email='test-603747668', dateBirth='null', monthBirth='null', yearBirth='null'}, ContactData{firstName='test1848553755', lastName='', address='null', mobilePhone='', email='test-603747668', dateBirth='null', monthBirth='null', yearBirth='null'}, ContactData{firstName='test1848553755', lastName='', address='null', mobilePhone='', email='test-603747668', dateBirth='null', monthBirth='null', yearBirth='null'}, ContactData{firstName='test1848553755', lastName='', address='null', mobilePhone='', email='test-603747668', dateBirth='null', monthBirth='null', yearBirth='null'}, ContactData{firstName='Natalia', lastName='Maslova', address='null', mobilePhone='+380509997755', email='maslova.nd@gmail.com', dateBirth='null', monthBirth='null', yearBirth='null'}, ContactData{firstName='Natalia', lastName='Maslova', address='null', mobilePhone='+380509997755', email='maslova.nd@gmail.com', dateBirth='null', monthBirth='null', yearBirth='null'}, ContactData{firstName='Natalia', lastName='Maslova', address='null', mobilePhone='+380509997755', email='maslova.nd@gmail.com', dateBirth='null', monthBirth='null', yearBirth='null'}, ContactData{firstName='Natalia', lastName='Maslova', address='null', mobilePhone='+380509997755', email='maslova.nd@gmail.com', dateBirth='null', monthBirth='null', yearBirth='null'}, ContactData{firstName='Natalia', lastName='Maslova', address='null', mobilePhone='+380509997755', email='maslova.nd@gmail.com', dateBirth='null', monthBirth='null', yearBirth='null'}, ContactData{firstName='Natalia', lastName='Maslova', address='null', mobilePhone='+380509997755', email='maslova.nd@gmail.com', dateBirth='null', monthBirth='null', yearBirth='null'}, ContactData{firstName='Natalia', lastName='Maslova', address='null', mobilePhone='+380509997755', email='maslova.nd@gmail.com', dateBirth='null', monthBirth='null', yearBirth='null'}, ContactData{firstName='Natalia', lastName='Maslova', address='null', mobilePhone='+380509997755', email='maslova.nd@gmail.com', dateBirth='null', monthBirth='null', yearBirth='null'}, ContactData{firstName='Natalia', lastName='Maslova', address='null', mobilePhone='+380509997755', email='maslova.nd@gmail.com', dateBirth='null', monthBirth='null', yearBirth='null'}, ContactData{firstName='Natalia', lastName='Maslova', address='null', mobilePhone='+380509997755', email='maslova.nd@gmail.com', dateBirth='null', monthBirth='null', yearBirth='null'}, ContactData{firstName='Natalia', lastName='Maslova', address='null', mobilePhone='+380509997755', email='maslova.nd@gmail.com', dateBirth='null', monthBirth='null', yearBirth='null'}, ContactData{firstName='test454059419', lastName='test-1096294426', address='null', mobilePhone='test1012281554', email='test-2062372343', dateBirth='null', monthBirth='null', yearBirth='null'}, ContactData{firstName='test1708673099', lastName='test-1125328751', address='null', mobilePhone='test322438628', email='', dateBirth='null', monthBirth='null', yearBirth='null'}, ContactData{firstName='test1179622481', lastName='test-1791016192', address='null', mobilePhone='test-1178083587', email='test114564469', dateBirth='null', monthBirth='null', yearBirth='null'}, ContactData{firstName='', lastName='test-2075038837', address='null', mobilePhone='', email='test-1492728480', dateBirth='null', monthBirth='null', yearBirth='null'}, ContactData{firstName='test370196590', lastName='test-2087171033', address='null', mobilePhone='test1497145511', email='test-101151807', dateBirth='null', monthBirth='null', yearBirth='null'}, ContactData{firstName='test1362450907', lastName='test-389265887', address='null', mobilePhone='', email='', dateBirth='null', monthBirth='null', yearBirth='null'}, ContactData{firstName='', lastName='test-432300383', address='null', mobilePhone='test1153516621', email='test-1584964484', dateBirth='null', monthBirth='null', yearBirth='null'}, ContactData{firstName='test-949960147', lastName='test-85964818', address='null', mobilePhone='test5724974', email='test-1206387800', dateBirth='null', monthBirth='null', yearBirth='null'}, ContactData{firstName='test-949960147', lastName='test-85964818', address='null', mobilePhone='test5724974', email='test-1206387800', dateBirth='null', monthBirth='null', yearBirth='null'}, ContactData{firstName='test-949960147', lastName='test-85964818', address='null', mobilePhone='test5724974', email='test-1206387800', dateBirth='null', monthBirth='null', yearBirth='null'}, ContactData{firstName='test-949960147', lastName='test-85964818', address='null', mobilePhone='test5724974', email='test-1206387800', dateBirth='null', monthBirth='null', yearBirth='null'}, ContactData{firstName='test-949960147', lastName='test-85964818', address='null', mobilePhone='test5724974', email='test-1206387800', dateBirth='null', monthBirth='null', yearBirth='null'}, ContactData{firstName='test-363104790', lastName='test1150687125', address='null', mobilePhone='test812527360', email='test-1993302949', dateBirth='null', monthBirth='null', yearBirth='null'}, ContactData{firstName='test-363104790', lastName='test1150687125', address='null', mobilePhone='test812527360', email='test-1993302949', dateBirth='null', monthBirth='null', yearBirth='null'}, ContactData{firstName='test-363104790', lastName='test1150687125', address='null', mobilePhone='test812527360', email='test-1993302949', dateBirth='null', monthBirth='null', yearBirth='null'}, ContactData{firstName='test-363104790', lastName='test1150687125', address='null', mobilePhone='test812527360', email='test-1993302949', dateBirth='null', monthBirth='null', yearBirth='null'}, ContactData{firstName='test-363104790', lastName='test1150687125', address='null', mobilePhone='test812527360', email='test-1993302949', dateBirth='null', monthBirth='null', yearBirth='null'}, ContactData{firstName='test-363104790', lastName='test1150687125', address='null', mobilePhone='test812527360', email='test-1993302949', dateBirth='null', monthBirth='null', yearBirth='null'}, ContactData{firstName='test-363104790', lastName='test1150687125', address='null', mobilePhone='test812527360', email='test-1993302949', dateBirth='null', monthBirth='null', yearBirth='null'}, ContactData{firstName='test-363104790', lastName='test1150687125', address='null', mobilePhone='test812527360', email='test-1993302949', dateBirth='null', monthBirth='null', yearBirth='null'}, ContactData{firstName='test-363104790', lastName='test1150687125', address='null', mobilePhone='test812527360', email='test-1993302949', dateBirth='null', monthBirth='null', yearBirth='null'}, ContactData{firstName='', lastName='test124523223', address='null', mobilePhone='test818947573', email='test-1699396857', dateBirth='null', monthBirth='null', yearBirth='null'}, ContactData{firstName='', lastName='test143757501', address='null', mobilePhone='test-159889063', email='', dateBirth='null', monthBirth='null', yearBirth='null'}, ContactData{firstName='', lastName='test143757501', address='null', mobilePhone='test-159889063', email='', dateBirth='null', monthBirth='null', yearBirth='null'}, ContactData{firstName='', lastName='test143757501', address='null', mobilePhone='test-159889063', email='', dateBirth='null', monthBirth='null', yearBirth='null'}, ContactData{firstName='', lastName='test143757501', address='null', mobilePhone='test-159889063', email='', dateBirth='null', monthBirth='null', yearBirth='null'}, ContactData{firstName='', lastName='test143757501', address='null', mobilePhone='test-159889063', email='', dateBirth='null', monthBirth='null', yearBirth='null'}, ContactData{firstName='', lastName='test143757501', address='null', mobilePhone='test-159889063', email='', dateBirth='null', monthBirth='null', yearBirth='null'}, ContactData{firstName='', lastName='test143757501', address='null', mobilePhone='test-159889063', email='', dateBirth='null', monthBirth='null', yearBirth='null'}, ContactData{firstName='', lastName='test143757501', address='null', mobilePhone='test-159889063', email='', dateBirth='null', monthBirth='null', yearBirth='null'}, ContactData{firstName='', lastName='test143757501', address='null', mobilePhone='test-159889063', email='', dateBirth='null', monthBirth='null', yearBirth='null'}, ContactData{firstName='', lastName='test143757501', address='null', mobilePhone='test-159889063', email='', dateBirth='null', monthBirth='null', yearBirth='null'}, ContactData{firstName='', lastName='test143757501', address='null', mobilePhone='test-159889063', email='', dateBirth='null', monthBirth='null', yearBirth='null'}, ContactData{firstName='test-1698965700', lastName='test1813333897', address='null', mobilePhone='test-1718627751', email='', dateBirth='null', monthBirth='null', yearBirth='null'}, ContactData{firstName='test-1698965700', lastName='test1813333897', address='null', mobilePhone='test-1718627751', email='', dateBirth='null', monthBirth='null', yearBirth='null'}, ContactData{firstName='test-1698965700', lastName='test1813333897', address='null', mobilePhone='test-1718627751', email='', dateBirth='null', monthBirth='null', yearBirth='null'}, ContactData{firstName='test-1698965700', lastName='test1813333897', address='null', mobilePhone='test-1718627751', email='', dateBirth='null', monthBirth='null', yearBirth='null'}, ContactData{firstName='test-1698965700', lastName='test1813333897', address='null', mobilePhone='test-1718627751', email='', dateBirth='null', monthBirth='null', yearBirth='null'}, ContactData{firstName='test-1421557881', lastName='test1912168969', address='null', mobilePhone='', email='test-553664109', dateBirth='null', monthBirth='null', yearBirth='null'}, ContactData{firstName='test-2073125732', lastName='test198581471', address='null', mobilePhone='', email='', dateBirth='null', monthBirth='null', yearBirth='null'}, ContactData{firstName='test-2073125732', lastName='test198581471', address='null', mobilePhone='', email='', dateBirth='null', monthBirth='null', yearBirth='null'}, ContactData{firstName='test-2073125732', lastName='test198581471', address='null', mobilePhone='', email='', dateBirth='null', monthBirth='null', yearBirth='null'}, ContactData{firstName='test-2073125732', lastName='test198581471', address='null', mobilePhone='', email='', dateBirth='null', monthBirth='null', yearBirth='null'}, ContactData{firstName='test-2073125732', lastName='test198581471', address='null', mobilePhone='', email='', dateBirth='null', monthBirth='null', yearBirth='null'}, ContactData{firstName='test-2073125732', lastName='test198581471', address='null', mobilePhone='', email='', dateBirth='null', monthBirth='null', yearBirth='null'}, ContactData{firstName='test-1035740089', lastName='test2101242929', address='null', mobilePhone='test539178050', email='', dateBirth='null', monthBirth='null', yearBirth='null'}, ContactData{firstName='test572033207', lastName='test369181521', address='null', mobilePhone='test-294194410', email='test-1956175168', dateBirth='null', monthBirth='null', yearBirth='null'}, ContactData{firstName='', lastName='test440232425', address='null', mobilePhone='test7458516', email='test741651782', dateBirth='null', monthBirth='null', yearBirth='null'}, ContactData{firstName='test-234922828', lastName='test595372570', address='null', mobilePhone='test2114689914', email='test1460496132', dateBirth='null', monthBirth='null', yearBirth='null'}, ContactData{firstName='test1845226584', lastName='test663534883', address='null', mobilePhone='test-1922647136', email='test-1590810812', dateBirth='null', monthBirth='null', yearBirth='null'}, ContactData{firstName='test1845226584', lastName='test663534883', address='null', mobilePhone='test-1922647136', email='test-1590810812', dateBirth='null', monthBirth='null', yearBirth='null'}, ContactData{firstName='test1845226584', lastName='test663534883', address='null', mobilePhone='test-1922647136', email='test-1590810812', dateBirth='null', monthBirth='null', yearBirth='null'}, ContactData{firstName='test1845226584', lastName='test663534883', address='null', mobilePhone='test-1922647136', email='test-1590810812', dateBirth='null', monthBirth='null', yearBirth='null'}, ContactData{firstName='test1845226584', lastName='test663534883', address='null', mobilePhone='test-1922647136', email='test-1590810812', dateBirth='null', monthBirth='null', yearBirth='null'}, ContactData{firstName='', lastName='test842922543', address='null', mobilePhone='', email='', dateBirth='null', monthBirth='null', yearBirth='null'}, ContactData{firstName='', lastName='tortilla', address='null', mobilePhone='', email='', dateBirth='null', monthBirth='null', yearBirth='null'}, ContactData{firstName='', lastName='еtеуeуыsыеtе143757501', address='null', mobilePhone='еtеуeуыsыеtе-159889063', email='', dateBirth='null', monthBirth='null', yearBirth='null'}]>
	at org.hamcrest.MatcherAssert.assertThat(MatcherAssert.java:20)
	at org.junit.Assert.assertThat(Assert.java:865)
	at org.junit.Assert.assertThat(Assert.java:832)
	at com.example.tests.ContactCreationTests.testContactCreationWithValidData(ContactCreationTests.java:39)
... Removed 23 stack frames]]>
    </failure>
  </testcase> <!-- testContactCreationWithValidData -->
  <testcase name="testContactCreationWithValidData" time="35.701" classname="com.example.tests.ContactCreationTests">
    <failure type="org.openqa.selenium.UnhandledAlertException" message="Modal dialog present: Do you want to turn AutoComplete on?
Build info: version: &amp;apos;2.42.2&amp;apos;, revision: &amp;apos;6a6995d&amp;apos;, time: &amp;apos;2014-06-03 17:42:03&amp;apos;
System info: host: &amp;apos;NATALIAMASL7A70&amp;apos;, ip: &amp;apos;10.211.55.3&amp;apos;, os.name: &amp;apos;Windows 7&amp;apos;, os.arch: &amp;apos;amd64&amp;apos;, os.version: &amp;apos;6.1&amp;apos;, java.version: &amp;apos;1.8.0_20-ea&amp;apos;
Driver info: org.openqa.selenium.ie.InternetExplorerDriver
Capabilities [{browserAttachTimeout=0, enablePersistentHover=true, ie.forceCreateProcessApi=false, ie.usePerProcessProxy=false, ignoreZoomSetting=false, handlesAlerts=true, version=8, platform=WINDOWS, nativeEvents=true, ie.ensureCleanSession=false, elementScrollBehavior=0, ie.browserCommandLineSwitches=, requireWindowFocus=false, browserName=internet explorer, initialBrowserUrl=http://localhost:1293/, takesScreenshot=true, javascriptEnabled=true, ignoreProtectedModeSettings=true, enableElementCacheCleanup=true, cssSelectorsEnabled=true, unexpectedAlertBehaviour=dismiss}]
Session ID: 847d6407-8106-4db1-9935-a8ece2a5a63c"><![CDATA[<![CDATA[<![CDATA[<![CDATA[<![CDATA[
      <![CDATA[org.openqa.selenium.UnhandledAlertException: Modal dialog present: Do you want to turn AutoComplete on?
Build info: version: '2.42.2', revision: '6a6995d', time: '2014-06-03 17:42:03'
System info: host: 'NATALIAMASL7A70', ip: '10.211.55.3', os.name: 'Windows 7', os.arch: 'amd64', os.version: '6.1', java.version: '1.8.0_20-ea'
Driver info: org.openqa.selenium.ie.InternetExplorerDriver
Capabilities [{browserAttachTimeout=0, enablePersistentHover=true, ie.forceCreateProcessApi=false, ie.usePerProcessProxy=false, ignoreZoomSetting=false, handlesAlerts=true, version=8, platform=WINDOWS, nativeEvents=true, ie.ensureCleanSession=false, elementScrollBehavior=0, ie.browserCommandLineSwitches=, requireWindowFocus=false, browserName=internet explorer, initialBrowserUrl=http://localhost:1293/, takesScreenshot=true, javascriptEnabled=true, ignoreProtectedModeSettings=true, enableElementCacheCleanup=true, cssSelectorsEnabled=true, unexpectedAlertBehaviour=dismiss}]
Session ID: 847d6407-8106-4db1-9935-a8ece2a5a63c
	at org.openqa.selenium.remote.ErrorHandler.createThrowable(ErrorHandler.java:204)
	at org.openqa.selenium.remote.ErrorHandler.createUnhandledAlertException(ErrorHandler.java:185)
	at org.openqa.selenium.remote.ErrorHandler.throwIfResponseFailed(ErrorHandler.java:152)
	at org.openqa.selenium.remote.RemoteWebDriver.execute(RemoteWebDriver.java:599)
	at org.openqa.selenium.remote.RemoteWebDriver.findElements(RemoteWebDriver.java:377)
	at org.openqa.selenium.remote.RemoteWebDriver.findElementsById(RemoteWebDriver.java:397)
	at org.openqa.selenium.By$ById.findElements(By.java:206)
	at org.openqa.selenium.remote.RemoteWebDriver.findElements(RemoteWebDriver.java:340)
	at com.example.fw.NavigationHelper.onMainPage(NavigationHecom.example.fw.NavigationWebDriverHelperw.NavigationHcom.example.fw.ContactWebDriverHelperper.java:15)
	at com.example.fw.ContactHelper.rebucom.example.fw.ContactWebDriverHelper31)
	at com.example.fw.ContactHelper.createContact(ContactHelper.java:47)
	at com.example.tests.ContactCreationTests.testContactCreationWithValidData(ContactCreationTests.java:33)
... Removed 27 stack frames]]>
    ]]>]]>]]>]]>]]></failure>
  </testcase> <!-- testContactCreationWithValidData -->
</testsuite> <!-- addressbook-selenium-tests -->
